i	j	k	Dose(Gy)	gamma	gamma_f	e-	e-_f	e+	e+_f	neutron	neutron_f	proton_1	proton_1_f	proton	proton_f	deuteron	deuteron_f	triton	triton_f	He3	He3_f	alpha	alpha_f	Li6	Li6_f	Li7	Li7_f	Be7	Be7_f	Be8	Be8_f	Be9	Be9_f	Be10	Be10_f	B10	B10_f	B11	B11_f	C12	C12_f	C13	C13_f	C14	C14_f	N13	N13_f	N14	N14_f	N15	N15_f	N16	N16_f	O16	O16_f	O17	O17_f	O18	O18_f	Na23	Na23_f	Si28	Si28_f	P31	P31_f	S32	S32_f	S34	S34_f	Cl35	Cl35_f	Cl36	Cl36_f	Cl37	Cl37_f	K39	K39_f	K41	K41_f	Fe57	Fe57_f
0	0	0	3.70591e-07	1.77142e-15	1765	1.39005e-08	31745	4.56246e-12	6	2.19137e-15	378	3.51842e-07	100000	2.21973e-09	181	0	0	0	0	0	0	2.23852e-09	110	0	0	0	0	0	0	0	0	0	0	0	0	0	0	0	0	9.36331e-11	38	0	0	0	0	0	0	1.74644e-11	9	0	0	0	0	2.7453e-10	131	8.63423e-13	1	0	0	0	0	0	0	0	0	0	0	0	0	0	0	0	0	0	0	0	0	0	0	0	0
1	0	0	3.76733e-07	2.34669e-15	1788	1.4885e-08	34576	4.17161e-12	5	6.87601e-14	416	3.55357e-07	99886	3.93697e-09	254	0	0	0	0	0	0	2.2427e-09	104	0	0	0	0	0	0	0	0	0	0	0	0	0	0	0	0	7.99279e-11	45	0	0	0	0	0	0	1.04848e-11	6	0	0	0	0	2.15639e-10	139	0	0	0	0	0	0	0	0	0	0	0	0	0	0	0	0	0	0	0	0	4.57115e-13	1	0	0	0	0
2	0	0	3.80855e-07	9.84822e-16	1821	1.48653e-08	34773	9.2513e-12	7	3.87107e-14	473	3.58757e-07	99782	3.99517e-09	323	0	0	0	0	0	0	2.86055e-09	125	0	0	0	0	0	0	0	0	0	0	0	0	0	0	0	0	1.4827e-10	58	2.19035e-13	1	0	0	0	0	6.23996e-12	5	0	0	0	0	2.12129e-10	131	0	0	0	0	0	0	0	0	0	0	7.57693e-13	1	0	0	0	0	0	0	0	0	0	0	0	0	0	0
3	0	0	3.85371e-07	1.68274e-15	1836	1.45891e-08	34324	1.29645e-11	9	4.60851e-14	524	3.62449e-07	99657	4.93496e-09	398	0	0	0	0	0	0	3.02822e-09	126	0	0	0	0	0	0	0	0	0	0	0	0	0	0	0	0	1.12727e-10	54	0	0	0	0	0	0	5.25046e-12	6	0	0	0	0	2.35004e-10	140	0	0	0	0	3.72848e-13	1	0	0	0	0	0	0	0	0	0	0	0	0	3.60831e-12	1	0	0	0	0	0	0
4	0	0	3.90342e-07	1.20581e-15	1845	1.45194e-08	34161	1.17114e-11	9	5.89436e-14	556	3.65988e-07	99528	6.39849e-09	454	0	0	0	0	0	0	2.98641e-09	134	0	0	0	0	0	0	0	0	0	0	0	0	0	0	0	0	1.10922e-10	53	0	0	0	0	0	0	1.91873e-11	4	0	0	0	0	3.05828e-10	162	0	0	1.95878e-12	1	0	0	0	0	0	0	0	0	0	0	0	0	0	0	0	0	0	0	0	0	0	0
5	0	0	3.93426e-07	1.24575e-15	1854	1.44244e-08	34296	1.12462e-11	8	7.45316e-14	573	3.69843e-07	99401	6.36766e-09	469	0	0	0	0	0	0	2.40357e-09	100	0	0	0	0	0	0	0	0	0	0	0	0	0	0	0	0	1.22663e-10	59	0	0	0	0	0	0	7.78487e-12	3	0	0	0	0	2.44452e-10	132	0	0	0	0	0	0	0	0	1.05835e-12	2	0	0	0	0	3.26793e-13	1	0	0	0	0	0	0	0	0	0	0
6	0	0	3.97603e-07	1.69812e-15	1858	1.4299e-08	34115	1.08639e-11	8	1.49991e-13	603	3.736e-07	99292	6.88416e-09	530	0	0	0	0	0	0	2.44908e-09	126	0	0	0	0	0	0	0	0	0	0	0	0	0	0	0	0	1.3264e-10	61	0	0	0	0	0	0	1.15364e-11	6	0	0	0	0	2.14151e-10	139	0	0	0	0	0	0	0	0	0	0	0	0	0	0	0	0	0	0	8.08825e-13	1	0	0	0	0	0	0
7	0	0	4.02976e-07	1.17209e-15	1861	1.40094e-08	33580	1.04492e-11	8	9.11087e-14	628	3.77937e-07	99180	7.64482e-09	564	0	0	1.29619e-11	1	0	0	2.88631e-09	117	3.84476e-12	1	0	0	0	0	0	0	0	0	0	0	0	0	0	0	1.30273e-10	44	1.76074e-12	1	0	0	0	0	6.17931e-12	5	0	0	0	0	3.25737e-10	147	0	0	0	0	1.31165e-12	1	0	0	3.95959e-13	1	4.65632e-12	2	0	0	0	0	0	0	0	0	1.9848e-13	1	0	0	1.24487e-13	1
8	0	0	4.06555e-07	2.4816e-15	1874	1.38254e-08	33396	8.39791e-12	7	9.54951e-14	639	3.82534e-07	99069	7.26457e-09	571	0	0	5.16942e-11	1	0	0	2.48831e-09	98	0	0	0	0	0	0	0	0	0	0	0	0	0	0	0	0	9.4323e-11	51	0	0	0	0	0	0	1.80107e-11	4	8.68924e-12	1	0	0	2.61385e-10	138	1.73518e-13	1	0	0	0	0	0	0	0	0	0	0	0	0	0	0	0	0	0	0	0	0	0	0	0	0
9	0	0	4.10323e-07	1.25679e-15	1881	1.36476e-08	33147	3.83047e-12	6	4.71569e-14	654	3.87178e-07	98963	7.00568e-09	580	0	0	0	0	0	0	2.07288e-09	99	0	0	0	0	0	0	0	0	0	0	0	0	0	0	5.62228e-12	1	1.21108e-10	61	0	0	0	0	0	0	3.3473e-11	8	1.44755e-12	1	0	0	2.53116e-10	160	0	0	0	0	0	0	0	0	0	0	6.86007e-13	1	0	0	0	0	0	0	0	0	2.81937e-13	1	0	0	0	0
10	0	0	4.16254e-07	1.40071e-15	1902	1.3378e-08	32664	8.44575e-13	3	5.53083e-14	663	3.91874e-07	98858	8.23578e-09	621	0	0	0	0	0	0	2.22017e-09	111	0	0	0	0	0	0	0	0	0	0	0	0	0	0	0	0	1.46995e-10	55	3.17901e-12	1	0	0	0	0	9.83785e-12	7	0	0	0	0	3.83384e-10	155	0	0	0	0	0	0	0	0	1.94601e-12	2	0	0	0	0	0	0	0	0	0	0	0	0	0	0	0	0
11	0	0	4.21594e-07	1.58598e-15	1920	1.31318e-08	32236	6.05729e-13	2	1.20369e-13	682	3.96593e-07	98742	8.88247e-09	682	0	0	0	0	0	0	2.54811e-09	131	0	0	0	0	0	0	0	0	0	0	0	0	0	0	0	0	1.22861e-10	53	0	0	0	0	0	0	5.86258e-12	6	0	0	0	0	3.05231e-10	157	0	0	1.10858e-12	1	5.18701e-13	1	0	0	0	0	0	0	0	0	1.81658e-12	1	0	0	0	0	0	0	0	0	0	0
12	0	0	4.26029e-07	1.41211e-15	1921	1.31472e-08	32519	2.4755e-12	3	8.24057e-14	691	4.01463e-07	98602	8.74451e-09	691	0	0	0	0	0	0	2.29411e-09	109	0	0	0	0	0	0	0	0	0	0	0	0	0	0	0	0	1.16017e-10	58	0	0	0	0	0	0	6.58636e-13	1	0	0	0	0	2.59049e-10	164	0	0	0	0	0	0	0	0	8.69083e-13	1	3.16851e-13	2	0	0	0	0	0	0	0	0	6.92661e-13	1	0	0	0	0
13	0	0	4.32284e-07	1.51609e-15	1931	1.28276e-08	31982	9.62435e-12	5	7.20389e-14	686	4.07454e-07	98485	9.41211e-09	716	0	0	0	0	0	0	2.12838e-09	104	0	0	0	0	0	0	0	0	0	0	0	0	0	0	0	0	1.25849e-10	67	5.72819e-12	1	0	0	0	0	5.48645e-12	4	0	0	0	0	3.0608e-10	156	0	0	7.43033e-12	1	0	0	0	0	0	0	0	0	0	0	1.0351e-12	1	0	0	0	0	0	0	0	0	0	0
14	0	0	4.36904e-07	3.14843e-15	1955	1.242e-08	31185	1.05316e-11	5	7.09687e-14	681	4.12998e-07	98375	9.14726e-09	713	2.98748e-15	1	0	0	0	0	1.8373e-09	95	0	0	0	0	0	0	0	0	0	0	0	0	0	0	0	0	2.14871e-10	69	0	0	0	0	0	0	1.57745e-11	5	0	0	0	0	2.59292e-10	156	0	0	0	0	0	0	0	0	0	0	0	0	0	0	0	0	0	0	0	0	6.30515e-13	3	0	0	0	0
15	0	0	4.43268e-07	2.66338e-15	1962	1.21905e-08	30789	5.85899e-12	5	1.09945e-13	677	4.18764e-07	98269	9.73078e-09	781	4.70715e-15	1	0	0	0	0	2.11593e-09	110	0	0	0	0	0	0	0	0	0	0	0	0	0	0	0	0	1.50109e-10	61	5.23797e-12	3	0	0	0	0	1.40257e-11	10	0	0	0	0	2.88456e-10	160	0	0	2.35035e-12	2	0	0	0	0	0	0	0	0	2.32021e-13	1	4.93295e-13	2	0	0	0	0	1.57258e-13	1	0	0	0	0
16	0	0	4.50424e-07	2.47149e-15	1969	1.20072e-08	30515	3.67267e-12	3	1.52811e-13	678	4.2486e-07	98141	1.08893e-08	823	0	0	0	0	0	0	2.16523e-09	130	0	0	0	0	0	0	0	0	0	0	0	0	0	0	0	0	1.76855e-10	61	0	0	0	0	0	0	8.04556e-12	6	0	0	0	0	3.11522e-10	181	0	0	2.03057e-12	1	0	0	0	0	4.34066e-13	1	0	0	0	0	0	0	0	0	0	0	0	0	0	0	0	0
17	0	0	4.57471e-07	1.78656e-15	1990	1.15066e-08	29413	0	1	1.26104e-13	677	4.31538e-07	98001	1.10667e-08	837	5.82609e-11	1	0	0	0	0	2.86623e-09	140	0	0	0	0	0	0	0	0	0	0	0	0	0	0	0	0	1.03633e-10	54	0	0	0	0	0	0	2.26794e-11	11	1.08568e-11	1	0	0	2.74597e-10	154	0	0	0	0	1.67945e-11	1	0	0	0	0	0	0	0	0	0	0	0	0	0	0	5.64308e-12	1	0	0	0	0
18	0	0	4.64974e-07	2.21247e-15	1998	1.12596e-08	28966	0	1	1.59439e-13	672	4.38282e-07	97850	1.15257e-08	850	0	0	0	0	0	0	3.53234e-09	148	0	0	0	0	0	0	0	0	0	0	0	0	0	0	0	0	1.04232e-10	54	0	0	0	0	0	0	6.44238e-12	6	0	0	0	0	2.61177e-10	148	0	0	0	0	0	0	0	0	1.17214e-12	2	5.47931e-13	1	0	0	0	0	0	0	0	0	3.81982e-13	1	0	0	0	0
19	0	0	4.72129e-07	2.84659e-15	2001	1.08282e-08	28108	1.86498e-12	3	6.55951e-14	668	4.45557e-07	97701	1.20433e-08	865	9.40501e-11	1	0	0	0	0	3.08998e-09	154	0	0	0	0	0	0	0	0	2.2592e-12	1	0	0	0	0	0	0	1.8571e-10	75	0	0	0	0	0	0	3.22282e-11	8	6.50634e-12	1	0	0	2.8466e-10	174	0	0	1.7229e-12	1	0	0	0	0	1.40419e-12	2	0	0	0	0	0	0	0	0	0	0	4.18543e-13	1	0	0	0	0
20	0	0	4.78355e-07	2.78039e-15	1993	1.03819e-08	27160	5.86077e-12	3	1.17754e-13	664	4.53142e-07	97533	1.16468e-08	845	3.96309e-11	1	0	0	0	0	2.6222e-09	119	0	0	0	0	0	0	0	0	0	0	0	0	0	0	0	0	1.43347e-10	64	0	0	0	0	0	0	9.01141e-12	6	7.79037e-12	1	0	0	3.55821e-10	164	0	0	0	0	0	0	0	0	2.56806e-13	2	0	0	0	0	0	0	0	0	0	0	0	0	0	0	0	0
21	0	0	4.85085e-07	2.01055e-15	1996	1.0048e-08	26500	1.29935e-12	3	9.1776e-14	660	4.61041e-07	97401	1.11865e-08	842	3.86764e-15	1	0	0	0	0	2.39792e-09	131	0	0	0	0	0	0	0	0	0	0	0	0	0	0	0	0	9.2826e-11	55	7.489e-13	1	0	0	0	0	4.73986e-12	5	0	0	0	0	3.11125e-10	175	0	0	0	0	0	0	0	0	4.36206e-13	1	0	0	0	0	0	0	0	0	0	0	3.11272e-13	1	0	0	0	0
22	0	0	4.93765e-07	2.27018e-15	1984	9.44433e-09	25089	1.07614e-11	4	1.26172e-13	662	4.6953e-07	97250	1.13934e-08	878	0	0	0	0	0	0	2.91892e-09	136	0	0	0	0	0	0	0	0	0	0	0	0	0	0	0	0	1.44555e-10	61	8.28392e-13	1	0	0	0	0	2.09662e-11	10	0	0	0	0	2.97104e-10	182	0	0	4.04587e-12	1	0	0	0	0	0	0	0	0	0	0	0	0	0	0	0	0	9.14986e-14	1	0	0	0	0
23	0	0	5.02453e-07	3.65299e-15	1990	8.76588e-09	23587	1.11937e-11	5	1.00272e-13	660	4.78893e-07	97095	1.16778e-08	891	2.11406e-15	1	0	0	0	0	2.62291e-09	134	0	0	0	0	0	0	0	0	0	0	0	0	0	0	0	0	1.35361e-10	69	6.29747e-12	1	0	0	0	0	1.65453e-11	10	0	0	0	0	3.19268e-10	177	0	0	0	0	1.13437e-13	1	0	0	0	0	2.09427e-13	1	0	0	0	0	0	0	0	0	4.32683e-12	1	0	0	0	0
24	0	0	5.14004e-07	1.65076e-15	1993	8.24391e-09	22284	7.16447e-12	7	2.92795e-14	655	4.89401e-07	96957	1.28661e-08	935	4.85805e-11	1	0	0	0	0	2.97506e-09	136	0	0	0	0	0	0	0	0	0	0	0	0	0	0	0	0	1.22268e-10	66	5.97012e-12	1	0	0	0	0	2.50968e-12	4	1.75117e-11	1	0	0	3.13936e-10	200	0	0	0	0	0	0	0	0	4.50204e-13	1	0	0	0	0	0	0	0	0	0	0	0	0	0	0	0	0
25	0	0	5.24888e-07	2.83165e-15	1984	7.45197e-09	20376	6.3132e-12	4	1.24486e-13	652	5.0036e-07	96806	1.38492e-08	949	0	0	0	0	0	0	2.75299e-09	150	0	0	0	0	0	0	0	0	0	0	0	0	0	0	0	0	8.26463e-11	47	5.89181e-14	1	0	0	0	0	1.96651e-11	8	4.64789e-12	1	0	0	3.55977e-10	202	0	0	9.64298e-13	1	0	0	0	0	3.87718e-12	2	0	0	0	0	0	0	0	0	0	0	0	0	0	0	0	0
26	0	0	5.35083e-07	2.09412e-15	1991	6.7243e-09	18449	7.46738e-12	6	1.47969e-13	647	5.12024e-07	96633	1.34011e-08	953	0	0	0	0	0	0	2.37407e-09	139	0	0	0	0	0	0	0	0	2.4489e-12	1	0	0	0	0	0	0	1.68983e-10	72	5.55542e-12	1	0	0	0	0	1.10577e-11	6	0	0	0	0	3.63643e-10	205	0	0	0	0	0	0	0	0	0	0	0	0	0	0	0	0	0	0	0	0	0	0	0	0	0	0
27	0	0	5.47754e-07	3.24392e-15	1988	5.96402e-09	16462	1.30657e-11	6	1.97438e-13	646	5.24334e-07	96460	1.38108e-08	962	0	0	0	0	0	0	3.16103e-09	148	0	0	0	0	0	0	0	0	0	0	0	0	0	0	0	0	1.45195e-10	65	1.44645e-12	1	0	0	0	0	2.01941e-11	6	0	0	0	0	2.99805e-10	193	0	0	0	0	0	0	0	0	3.64569e-12	1	0	0	0	0	0	0	0	0	0	0	3.26566e-13	1	0	0	0	0
28	0	0	5.59724e-07	2.71091e-15	1976	5.17489e-09	14243	1.4808e-11	8	2.3337e-13	637	5.37669e-07	96279	1.37631e-08	939	0	0	0	0	5.80713e-11	1	2.49391e-09	148	0	0	0	0	0	0	0	0	0	0	1.97669e-11	1	0	0	0	0	1.35754e-10	73	0	0	0	0	0	0	1.41458e-11	5	0	0	0	0	3.77851e-10	210	0	0	0	0	0	0	0	0	1.96522e-13	1	0	0	0	0	0	0	0	0	0	0	2.13938e-12	1	0	0	0	0
29	0	0	5.7396e-07	2.0744e-15	1958	4.27023e-09	11864	1.52719e-11	9	1.78505e-13	636	5.52828e-07	96101	1.38117e-08	929	0	0	0	0	0	0	2.45254e-09	131	0	0	0	0	0	0	0	0	0	0	0	0	0	0	0	0	1.90291e-10	84	1.5579e-11	1	0	0	0	0	7.95419e-12	8	0	0	0	0	3.64869e-10	206	0	0	2.71042e-12	2	0	0	0	0	8.56527e-14	1	0	0	0	0	0	0	0	0	0	0	0	0	0	0	0	0
30	0	0	5.90428e-07	2.20663e-15	1948	3.45439e-09	9643	9.13932e-12	6	1.53973e-13	633	5.69287e-07	95944	1.40463e-08	937	0	0	0	0	0	0	3.07456e-09	159	0	0	0	0	0	0	0	0	0	0	0	0	0	0	0	0	1.2898e-10	72	5.43049e-12	1	0	0	0	0	5.71673e-12	5	0	0	0	0	4.15988e-10	217	0	0	0	0	0	0	0	0	7.41488e-13	2	0	0	0	0	0	0	0	0	0	0	1.91464e-13	1	0	0	0	0
31	0	0	6.08259e-07	2.19116e-15	1949	2.82237e-09	7872	7.87835e-12	6	1.3842e-13	631	5.86941e-07	95759	1.50849e-08	943	0	0	0	0	0	0	2.82056e-09	165	0	0	0	0	0	0	0	0	0	0	0	0	0	0	0	0	2.11817e-10	88	0	0	0	0	0	0	4.60121e-12	3	0	0	0	0	3.64132e-10	197	0	0	0	0	0	0	0	0	8.41058e-13	1	0	0	0	0	0	0	0	0	0	0	3.31239e-13	1	0	0	0	0
32	0	0	6.26836e-07	2.26957e-15	1943	2.17525e-09	6017	3.2205e-12	4	1.18581e-13	623	6.06957e-07	95564	1.46626e-08	915	0	0	0	0	0	0	2.52105e-09	168	0	0	0	0	0	0	0	0	0	0	0	0	0	0	0	0	1.58707e-10	79	3.43838e-12	1	0	0	0	0	8.11651e-12	8	0	0	0	0	3.45017e-10	202	0	0	9.67498e-13	1	0	0	0	0	0	0	0	0	0	0	0	0	0	0	0	0	0	0	0	0	0	0
33	0	0	6.48696e-07	1.52007e-15	1955	1.55034e-09	4310	8.87572e-12	5	4.31367e-14	618	6.29827e-07	95361	1.42607e-08	897	0	0	0	0	0	0	2.383e-09	169	0	0	0	0	0	0	0	0	0	0	0	0	0	0	0	0	2.68037e-10	86	1.67239e-12	1	0	0	0	0	1.24785e-11	8	7.2265e-12	1	0	0	3.71146e-10	198	0	0	4.11055e-12	1	0	0	0	0	0	0	7.29776e-13	2	0	0	0	0	0	0	0	0	4.51222e-13	1	0	0	0	0
34	0	0	6.72675e-07	2.48383e-15	1947	1.1166e-09	3014	1.93044e-11	7	1.93439e-13	613	6.5455e-07	95145	1.39892e-08	858	0	0	0	0	0	0	2.41975e-09	180	0	0	0	0	0	0	0	0	0	0	0	0	0	0	0	0	1.99912e-10	76	0	0	0	0	0	0	2.1919e-11	9	0	0	0	0	3.56651e-10	215	0	0	0	0	3.61374e-13	1	0	0	8.40519e-13	1	7.31422e-14	1	0	0	0	0	0	0	0	0	0	0	0	0	0	0
35	0	0	7.02483e-07	2.01571e-15	1941	7.05059e-10	1802	8.842e-12	6	6.10623e-14	613	6.84337e-07	94913	1.3571e-08	838	0	0	0	0	0	0	3.22355e-09	184	0	0	0	0	0	0	0	0	0	0	0	0	0	0	0	0	1.76042e-10	92	0	0	0	0	0	0	2.0247e-11	5	7.00249e-12	1	0	0	4.33912e-10	215	0	0	0	0	0	0	0	0	0	0	0	0	0	0	0	0	0	0	0	0	0	0	0	0	0	0
36	0	0	7.36774e-07	2.25768e-15	1933	4.13784e-10	1013	6.69112e-12	5	7.79924e-14	606	7.19356e-07	94669	1.33124e-08	832	1.172e-11	1	0	0	0	0	2.79249e-09	172	0	0	0	0	0	0	0	0	0	0	0	0	0	0	0	0	4.622e-10	124	3.16088e-16	1	0	0	3.24105e-12	1	1.37184e-11	11	0	0	0	0	4.01909e-10	207	0	0	0	0	0	0	0	0	0	0	0	0	0	0	0	0	0	0	0	0	0	0	0	0	0	0
37	0	0	7.80106e-07	1.8823e-15	1932	2.04888e-10	427	5.5791e-12	4	6.74598e-14	598	7.62234e-07	94401	1.41382e-08	825	0	0	0	0	0	0	2.72354e-09	183	0	0	0	0	0	0	0	0	0	0	0	0	0	0	0	0	3.09959e-10	112	1.76497e-12	1	0	0	0	0	1.55644e-11	6	0	0	1.35476e-12	1	4.68236e-10	248	0	0	2.0441e-12	1	0	0	0	0	2.09616e-16	1	0	0	0	0	0	0	0	0	0	0	0	0	1.58549e-13	1	0	0
38	0	0	8.3513e-07	1.48354e-15	1916	1.59202e-10	212	1.07893e-12	1	6.00802e-14	590	8.17575e-07	94093	1.40603e-08	807	0	0	0	0	0	0	2.38127e-09	175	0	0	0	0	0	0	0	0	0	0	0	0	0	0	0	0	4.04528e-10	125	1.23571e-12	1	0	0	0	0	3.26129e-11	13	0	0	0	0	5.12206e-10	242	0	0	0	0	0	0	0	0	0	0	0	0	0	0	3.1272e-13	1	0	0	0	0	2.74079e-12	1	0	0	0	0
39	0	0	9.13965e-07	2.48009e-15	1912	1.56295e-10	192	1.95543e-12	2	4.17533e-14	586	8.963e-07	93698	1.40537e-08	790	6.68788e-12	1	0	0	0	0	2.37142e-09	169	0	0	0	0	0	0	0	0	0	0	0	0	0	0	0	0	3.91541e-10	110	1.81798e-11	4	0	0	0	0	1.56828e-11	14	0	0	0	0	6.49013e-10	284	0	0	0	0	4.08643e-14	1	0	0	6.09335e-13	1	0	0	0	0	0	0	0	0	0	0	0	0	0	0	0	0
40	0	0	9.36374e-07	7.39308e-15	1883	1.11086e-10	237	2.90875e-12	2	9.10282e-14	584	9.21136e-07	93022	1.00016e-08	571	5.46265e-11	1	0	0	0	0	2.96793e-09	146	0	0	9.4076e-11	55	8.82972e-10	27	3.16242e-13	1	0	0	0	0	5.50939e-10	240	0	0	1.86711e-10	52	2.35996e-12	1	0	0	0	0	3.32163e-12	2	0	0	0	0	3.74982e-10	144	0	0	3.66678e-12	1	0	0	0	0	0	0	0	0	0	0	0	0	0	0	0	0	0	0	0	0	0	0
41	0	0	1.01122e-06	8.70361e-15	1856	1.06701e-10	222	3.51529e-12	2	1.42831e-13	559	9.9909e-07	90956	7.94856e-09	478	6.74544e-11	1	0	0	0	0	2.05136e-09	111	0	0	1.69677e-11	25	7.22346e-10	21	2.75008e-13	2	0	0	0	0	4.58022e-10	223	0	0	3.22174e-10	64	2.35333e-13	1	0	0	0	0	5.17121e-12	4	0	0	0	0	4.19874e-10	143	0	0	0	0	0	0	3.21143e-12	1	5.13787e-14	1	4.52579e-14	1	0	0	0	0	0	0	0	0	0	0	0	0	0	0
42	0	0	9.9113e-07	4.19474e-15	1821	1.29723e-10	210	6.2856e-12	3	2.57263e-15	550	9.81353e-07	84950	6.5796e-09	402	0	0	9.32233e-12	1	0	0	1.68791e-09	86	0	0	1.37668e-11	17	4.56642e-10	15	0	0	0	0	0	0	4.59696e-10	218	0	0	1.88657e-10	57	0	0	0	0	0	0	7.23745e-12	4	0	0	0	0	2.37922e-10	96	0	0	0	0	0	0	0	0	0	0	3.48624e-13	2	0	0	0	0	0	0	0	0	0	0	0	0	0	0
43	0	0	9.36445e-07	2.11084e-15	1797	1.3248e-10	212	8.79963e-12	5	6.12361e-14	542	9.27924e-07	77362	5.92772e-09	349	4.48949e-11	1	0	0	0	0	1.06706e-09	69	0	0	1.39402e-11	16	4.27595e-10	12	3.51931e-15	2	0	0	0	0	3.96266e-10	176	0	0	1.61801e-10	49	1.3975e-13	1	0	0	0	0	3.73835e-12	3	5.14094e-12	1	0	0	3.30361e-10	113	0	0	7.50867e-13	1	0	0	0	0	0	0	0	0	0	0	0	0	0	0	0	0	0	0	0	0	0	0
44	0	0	8.83443e-07	5.37376e-15	1767	1.14597e-10	198	7.84052e-12	5	6.23217e-14	533	8.75433e-07	69684	5.27964e-09	306	0	0	0	0	0	0	1.30498e-09	61	0	0	1.53966e-11	14	3.86635e-10	12	1.75068e-14	1	0	0	0	0	3.76968e-10	160	0	0	2.28154e-10	46	3.88233e-13	1	0	0	0	0	6.44748e-12	4	0	0	0	0	2.84852e-10	94	0	0	3.92213e-17	1	0	0	0	0	1.88686e-13	1	3.49618e-12	1	0	0	3.36292e-13	1	0	0	0	0	0	0	0	0	0	0
45	0	0	8.2393e-07	3.0369e-15	1737	1.11517e-10	189	5.1565e-12	5	9.45666e-15	526	8.16958e-07	61995	4.1051e-09	243	3.57361e-11	1	9.34486e-12	1	0	0	1.32985e-09	64	0	0	2.87081e-11	24	5.65863e-10	19	0	0	0	0	0	0	2.90909e-10	140	0	0	1.82455e-10	44	5.29927e-12	1	0	0	0	0	1.39169e-11	2	0	0	0	0	2.87268e-10	86	0	0	0	0	0	0	0	0	2.78733e-13	1	0	0	0	0	0	0	0	0	0	0	0	0	0	0	0	0
46	0	0	7.6004e-07	3.90178e-15	1731	1.00653e-10	192	3.80269e-12	4	1.02483e-13	514	7.54471e-07	54291	3.46199e-09	200	0	0	0	0	0	0	1.08571e-09	61	0	0	1.01958e-11	18	3.09627e-10	14	5.11431e-13	1	0	0	0	0	2.36268e-10	131	0	0	1.47105e-10	36	0	0	0	0	0	0	1.21815e-12	2	0	0	0	0	2.11573e-10	69	0	0	0	0	0	0	0	0	0	0	0	0	0	0	0	0	0	0	0	0	0	0	0	0	0	0
47	0	0	6.90389e-07	7.49645e-15	1715	1.00458e-10	191	4.96411e-12	5	1.16555e-13	511	6.85738e-07	46466	2.8457e-09	172	0	0	2.45704e-11	2	0	0	8.78527e-10	41	0	0	1.72081e-11	18	2.66274e-10	12	0	0	0	0	0	0	1.87054e-10	102	0	0	1.03842e-10	36	0	0	0	0	0	0	8.7101e-12	2	0	0	0	0	2.0928e-10	70	0	0	0	0	0	0	0	0	4.54292e-12	1	0	0	0	0	0	0	0	0	0	0	0	0	0	0	0	0
48	0	0	6.16897e-07	3.58055e-15	1701	8.89947e-11	170	4.03927e-12	5	5.25236e-14	503	6.13226e-07	38840	2.43199e-09	143	0	0	4.96762e-11	1	0	0	4.89426e-10	33	0	0	1.71927e-11	12	1.58487e-10	7	3.8083e-15	1	0	0	0	0	2.06782e-10	88	0	0	5.55712e-11	22	0	0	0	0	0	0	2.81622e-12	2	0	0	0	0	1.65703e-10	58	0	0	0	0	0	0	0	0	0	0	0	0	0	0	0	0	0	0	0	0	0	0	0	0	0	0
49	0	0	5.36967e-07	6.3988e-15	1701	9.82421e-11	190	4.59159e-12	5	8.49809e-14	502	5.34177e-07	31213	1.72467e-09	113	0	0	0	0	0	0	3.83218e-10	31	0	0	6.27941e-11	26	1.31643e-10	6	0	0	0	0	0	0	1.41942e-10	70	0	0	2.46455e-11	12	2.01875e-12	1	0	0	0	0	1.46527e-11	3	0	0	0	0	1.9611e-10	61	0	0	9.58463e-13	1	0	0	3.51543e-12	1	0	0	0	0	0	0	0	0	0	0	0	0	0	0	0	0	0	0
50	0	0	4.77322e-07	2.48423e-15	1659	1.01868e-10	171	6.64346e-12	5	5.52486e-14	496	4.7554e-07	23542	1.41196e-09	101	0	0	0	0	0	0	8.3902e-12	6	0	0	0	0	0	0	0	0	0	0	0	0	0	0	1.62715e-11	1	5.43254e-11	18	0	0	0	0	0	0	1.75871e-11	4	0	0	0	0	1.64712e-10	59	0	0	0	0	0	0	0	0	0	0	0	0	0	0	0	0	0	0	0	0	0	0	0	0	0	0
51	0	0	3.38576e-07	1.9946e-15	1633	1.08986e-10	167	5.20508e-12	4	1.30586e-13	489	3.3744e-07	15183	9.25998e-10	69	0	0	0	0	0	0	9.50842e-12	6	0	0	0	0	0	0	7.21338e-16	2	0	0	0	0	0	0	0	0	2.91295e-11	11	0	0	0	0	0	0	2.3198e-12	2	0	0	0	0	5.46812e-11	21	0	0	0	0	0	0	0	0	0	0	0	0	0	0	0	0	0	0	0	0	0	0	0	0	0	0
52	0	0	1.61964e-07	1.91428e-15	1609	1.29834e-10	180	2.37445e-12	2	3.12383e-14	484	1.61387e-07	7310	3.07677e-10	36	0	0	3.03545e-12	1	0	0	5.57404e-11	2	0	0	0	0	0	0	0	0	0	0	0	0	0	0	0	0	4.36561e-11	9	0	0	0	0	0	0	5.60456e-12	1	0	0	0	0	2.9842e-11	15	0	0	0	0	0	0	0	0	0	0	0	0	0	0	0	0	0	0	0	0	0	0	0	0	0	0
53	0	0	3.24714e-08	1.57308e-15	1599	9.25439e-11	160	7.32687e-12	2	2.42158e-14	474	3.21532e-08	1717	1.45756e-10	11	7.27214e-12	1	3.63579e-11	1	0	0	1.22206e-12	1	0	0	2.71786e-11	1	0	0	0	0	0	0	0	0	0	0	0	0	0	0	0	0	0	0	0	0	0	0	0	0	0	0	5.59352e-13	3	0	0	0	0	0	0	0	0	0	0	0	0	0	0	0	0	0	0	0	0	0	0	0	0	0	0
54	0	0	1.72195e-09	1.96599e-15	1587	1.13328e-10	166	7.8037e-12	3	5.65137e-14	470	1.50078e-09	106	3.14577e-11	9	0	0	0	0	0	0	5.43431e-11	3	0	0	0	0	0	0	0	0	0	0	0	0	0	0	0	0	3.54211e-13	2	0	0	0	0	0	0	0	0	0	0	0	0	1.38259e-11	7	0	0	0	0	0	0	0	0	0	0	0	0	0	0	0	0	0	0	0	0	0	0	0	0	0	0
55	0	0	1.33294e-10	7.64398e-16	1570	8.16652e-11	138	9.00853e-12	3	7.61481e-14	465	7.51069e-12	1	2.64141e-11	12	0	0	0	0	0	0	0	0	0	0	0	0	0	0	0	0	0	0	0	0	0	0	0	0	0	0	0	0	0	0	0	0	0	0	0	0	0	0	8.61884e-12	3	0	0	0	0	0	0	0	0	0	0	0	0	0	0	0	0	0	0	0	0	0	0	0	0	0	0
56	0	0	1.10245e-10	1.58635e-15	1553	7.56463e-11	153	2.09004e-12	2	4.01733e-14	465	0	0	2.38955e-11	6	0	0	0	0	0	0	0	0	0	0	0	0	0	0	0	0	0	0	0	0	0	0	0	0	5.07114e-12	4	0	0	0	0	0	0	0	0	0	0	0	0	3.50001e-12	4	0	0	0	0	0	0	0	0	0	0	0	0	0	0	0	0	0	0	0	0	0	0	0	0	0	0
57	0	0	1.42201e-10	1.30476e-15	1541	7.21313e-11	141	1.15355e-12	1	7.04965e-14	461	0	0	6.41492e-11	7	0	0	0	0	0	0	0	0	0	0	0	0	0	0	0	0	0	0	0	0	0	0	0	0	5.25533e-14	1	0	0	0	0	0	0	0	0	0	0	0	0	4.64223e-12	4	0	0	0	0	0	0	0	0	0	0	0	0	0	0	0	0	6.95485e-16	1	0	0	0	0	0	0	0	0
58	0	0	1.65468e-10	2.42818e-15	1533	8.52837e-11	156	0	0	7.52298e-14	457	0	0	7.90214e-11	15	4.66165e-15	1	0	0	0	0	0	0	0	0	0	0	0	0	0	0	0	0	0	0	0	0	0	0	0	0	0	0	0	0	0	0	0	0	0	0	0	0	1.08074e-12	3	0	0	0	0	0	0	0	0	0	0	0	0	0	0	0	0	0	0	0	0	0	0	0	0	0	0
59	0	0	2.04496e-10	2.28175e-15	1513	9.11502e-11	148	0	0	3.04167e-14	454	0	0	1.13313e-10	16	0	0	0	0	0	0	0	0	0	0	0	0	0	0	0	0	0	0	0	0	0	0	0	0	0	0	0	0	0	0	0	0	0	0	0	0	0	0	0	0	0	0	0	0	0	0	0	0	0	0	0	0	0	0	0	0	0	0	0	0	0	0	0	0	0	0
60	0	0	1.59502e-10	1.49872e-15	1497	7.78033e-11	133	0	0	8.45387e-14	446	0	0	7.76391e-11	8	0	0	0	0	0	0	0	0	0	0	0	0	0	0	0	0	0	0	0	0	0	0	0	0	0	0	0	0	0	0	0	0	1.40359e-13	1	0	0	0	0	3.83306e-12	2	0	0	0	0	0	0	0	0	0	0	0	0	0	0	0	0	0	0	0	0	0	0	0	0	0	0
61	0	0	1.57046e-10	2.78205e-15	1496	7.18107e-11	154	0	0	5.74415e-14	443	0	0	7.45797e-11	11	2.56697e-15	1	0	0	0	0	0	0	0	0	0	0	0	0	0	0	0	0	0	0	0	0	0	0	7.26438e-12	2	0	0	0	0	0	0	0	0	0	0	0	0	3.32794e-12	2	0	0	0	0	0	0	0	0	0	0	0	0	0	0	0	0	0	0	0	0	0	0	0	0	0	0
62	0	0	2.38753e-10	1.22075e-15	1480	7.30631e-11	131	0	0	2.00181e-13	440	0	0	1.1492e-10	19	0	0	0	0	0	0	1.71214e-11	1	0	0	0	0	0	0	0	0	0	0	0	0	0	0	0	0	0	0	1.68398e-11	1	0	0	0	0	0	0	1.51822e-11	1	0	0	1.42498e-12	1	0	0	0	0	0	0	0	0	0	0	0	0	0	0	0	0	0	0	0	0	0	0	0	0	0	0
63	0	0	1.97281e-10	1.81647e-15	1462	6.95379e-11	133	0	0	1.18156e-13	431	0	0	1.19711e-10	15	0	0	0	0	0	0	0	0	0	0	0	0	0	0	0	0	0	0	0	0	0	0	6.81579e-12	1	0	0	0	0	0	0	0	0	0	0	0	0	0	0	1.09616e-12	3	0	0	0	0	0	0	0	0	0	0	0	0	0	0	0	0	0	0	0	0	0	0	0	0	0	0
64	0	0	1.79059e-10	1.88819e-15	1451	6.57175e-11	133	0	0	8.70212e-14	429	0	0	1.1206e-10	11	0	0	0	0	0	0	0	0	0	0	0	0	0	0	0	0	0	0	0	0	0	0	0	0	1.40893e-13	1	0	0	0	0	0	0	0	0	0	0	0	0	1.0521e-12	1	0	0	0	0	0	0	0	0	0	0	0	0	0	0	0	0	0	0	0	0	0	0	0	0	0	0
65	0	0	2.56011e-10	2.6623e-15	1455	7.11226e-11	148	0	0	1.80131e-14	428	0	0	1.06599e-10	14	8.10016e-15	2	0	0	0	0	7.40514e-11	4	0	0	0	0	0	0	0	0	0	0	0	0	0	0	0	0	4.07223e-12	3	0	0	0	0	0	0	0	0	0	0	0	0	1.36905e-13	1	0	0	0	0	0	0	0	0	0	0	0	0	0	0	0	0	0	0	0	0	0	0	0	0	0	0
66	0	0	2.37865e-10	2.27481e-15	1412	7.71388e-11	139	0	0	9.12684e-15	422	0	0	1.49844e-10	14	0	0	0	0	0	0	0	0	0	0	0	0	0	0	0	0	0	0	0	0	0	0	0	0	0	0	0	0	0	0	0	0	0	0	0	0	0	0	1.08704e-11	2	0	0	0	0	0	0	0	0	0	0	0	0	0	0	0	0	0	0	0	0	0	0	0	0	0	0
67	0	0	2.01323e-10	3.45534e-15	1408	8.53865e-11	159	0	0	1.08685e-13	420	0	0	5.14605e-11	11	3.90715e-15	2	0	0	0	0	5.73235e-11	3	0	0	0	0	0	0	0	0	0	0	0	0	0	0	0	0	3.3585e-12	2	0	0	0	0	0	0	0	0	0	0	0	0	3.6779e-12	2	0	0	0	0	0	0	0	0	0	0	0	0	0	0	0	0	0	0	0	0	0	0	0	0	0	0
68	0	0	1.89524e-10	2.19473e-15	1373	7.70711e-11	145	0	0	2.66113e-14	415	0	0	1.12424e-10	11	0	0	0	0	0	0	0	0	0	0	0	0	0	0	0	0	0	0	0	0	0	0	0	0	0	0	0	0	0	0	0	0	0	0	0	0	0	0	0	0	0	0	0	0	0	0	0	0	0	0	0	0	0	0	0	0	0	0	0	0	0	0	0	0	0	0
69	0	0	1.96297e-10	2.71099e-15	1366	8.58743e-11	151	0	0	4.80103e-14	410	0	0	1.04124e-10	15	4.75858e-15	1	0	0	0	0	0	0	0	0	0	0	0	0	0	0	0	0	0	0	0	0	0	0	6.08351e-12	3	0	0	0	0	0	0	0	0	0	0	0	0	1.59691e-13	1	0	0	0	0	0	0	0	0	0	0	0	0	0	0	0	0	0	0	0	0	0	0	0	0	0	0
70	0	0	2.07309e-10	2.2647e-15	1352	7.08812e-11	138	0	0	1.54887e-13	408	0	0	1.31157e-10	10	4.61997e-15	1	0	0	0	0	0	0	0	0	0	0	0	0	0	0	0	0	0	0	0	0	0	0	2.8308e-12	1	0	0	0	0	0	0	0	0	0	0	0	0	2.27792e-12	1	0	0	0	0	0	0	0	0	0	0	0	0	0	0	0	0	0	0	0	0	0	0	0	0	0	0
71	0	0	1.62913e-10	9.49715e-16	1335	6.29581e-11	118	1.17953e-12	1	9.52305e-15	404	0	0	2.2827e-11	6	7.25199e-11	1	0	0	0	0	0	0	0	0	0	0	0	0	0	0	0	0	0	0	0	0	0	0	3.28966e-13	2	0	0	0	0	0	0	0	0	2.63943e-12	1	0	0	4.50017e-13	4	0	0	0	0	0	0	0	0	0	0	0	0	0	0	0	0	0	0	0	0	0	0	0	0	0	0
72	0	0	1.40869e-10	1.66395e-15	1318	5.62716e-11	119	1.06944e-12	1	1.14138e-13	401	0	0	6.64566e-11	9	1.56367e-11	1	0	0	0	0	0	0	0	0	0	0	0	0	0	0	0	0	0	0	0	0	0	0	0	0	0	0	0	0	0	0	0	0	0	0	0	0	1.31846e-12	2	0	0	0	0	0	0	0	0	0	0	0	0	0	0	0	0	0	0	0	0	0	0	0	0	0	0
73	0	0	9.64959e-11	1.23077e-15	1303	5.53385e-11	117	1.75815e-12	2	1.24178e-14	397	0	0	3.90984e-11	10	0	0	0	0	0	0	0	0	0	0	0	0	0	0	0	0	0	0	0	0	0	0	0	0	0	0	0	0	0	0	0	0	0	0	0	0	0	0	2.87199e-13	2	0	0	0	0	0	0	0	0	0	0	0	0	0	0	0	0	0	0	0	0	0	0	0	0	0	0
74	0	0	1.44947e-10	2.06181e-15	1290	5.53689e-11	118	2.52318e-12	2	5.16882e-14	395	0	0	4.909e-11	7	0	0	0	0	0	0	3.03833e-11	4	0	0	0	0	0	0	0	0	0	0	0	0	0	0	0	0	0	0	6.24376e-12	1	0	0	0	0	0	0	0	0	0	0	1.28451e-12	4	0	0	0	0	0	0	0	0	0	0	0	0	0	0	0	0	0	0	0	0	0	0	0	0	0	0
75	0	0	6.28443e-11	1.21438e-15	1271	5.03756e-11	110	6.25057e-12	3	2.09586e-13	389	0	0	3.6884e-12	3	0	0	0	0	0	0	0	0	0	0	0	0	0	0	0	0	0	0	0	0	0	0	0	0	0	0	0	0	0	0	0	0	0	0	0	0	0	0	2.31895e-12	4	0	0	0	0	0	0	0	0	0	0	0	0	0	0	0	0	0	0	0	0	0	0	0	0	0	0
76	0	0	1.75718e-10	2.1649e-15	1262	4.89861e-11	122	7.77161e-12	4	1.1817e-13	388	0	0	5.68019e-11	11	0	0	0	0	0	0	4.9193e-11	5	0	0	0	0	0	0	0	0	0	0	0	0	0	0	0	0	0	0	1.57236e-12	1	0	0	0	0	0	0	0	0	0	0	1.12724e-11	5	0	0	0	0	0	0	0	0	0	0	0	0	0	0	0	0	0	0	0	0	0	0	0	0	0	0
77	0	0	1.43576e-10	1.43764e-15	1256	5.27864e-11	115	1.44404e-11	4	8.50685e-15	380	0	0	7.36976e-11	13	3.76025e-15	1	0	0	0	0	0	0	0	0	0	0	0	0	0	0	0	0	0	0	0	0	0	0	2.46763e-12	2	0	0	1.70743e-13	1	0	0	0	0	0	0	0	0	0	0	0	0	0	0	0	0	0	0	0	0	0	0	0	0	0	0	0	0	0	0	0	0	0	0	0	0
78	0	0	1.12577e-10	1.54243e-15	1236	4.87944e-11	108	4.73322e-12	4	3.622e-14	378	0	0	4.46967e-11	9	0	0	0	0	0	0	0	0	0	0	0	0	0	0	0	0	0	0	0	0	0	0	0	0	0	0	0	0	0	0	0	0	0	0	0	0	0	0	1.43152e-11	6	0	0	0	0	0	0	0	0	0	0	0	0	0	0	0	0	0	0	0	0	0	0	0	0	0	0
79	0	0	1.10769e-10	1.54333e-15	1223	4.66418e-11	108	8.11288e-12	5	2.03913e-13	377	0	0	5.48659e-11	12	0	0	0	0	0	0	0	0	0	0	0	0	0	0	0	0	0	0	0	0	0	0	0	0	9.42541e-13	2	0	0	0	0	0	0	0	0	0	0	0	0	1.78635e-17	1	0	0	0	0	0	0	0	0	0	0	0	0	0	0	0	0	0	0	0	0	0	0	0	0	0	0
80	0	0	1.45649e-10	1.08507e-15	1217	4.98097e-11	107	4.59272e-12	4	3.41939e-14	372	0	0	8.70826e-11	7	0	0	0	0	0	0	0	0	0	0	0	0	0	0	0	0	0	0	0	0	0	0	0	0	0	0	0	0	0	0	0	0	0	0	0	0	0	0	4.12858e-12	4	0	0	0	0	0	0	0	0	0	0	0	0	0	0	0	0	0	0	0	0	0	0	0	0	0	0
81	0	0	1.76329e-10	2.44016e-15	1211	5.8854e-11	124	6.83277e-12	4	9.51944e-14	365	0	0	1.03482e-10	12	0	0	0	0	0	0	0	0	0	0	0	0	0	0	0	0	0	0	0	0	0	0	0	0	8.42466e-13	1	0	0	0	0	0	0	0	0	0	0	0	0	6.22007e-12	2	0	0	0	0	0	0	0	0	0	0	0	0	0	0	0	0	0	0	0	0	0	0	0	0	0	0
82	0	0	8.20975e-11	1.47664e-15	1194	5.95724e-11	120	6.8855e-13	1	4.41599e-14	362	0	0	1.5904e-11	6	0	0	0	0	0	0	1.12119e-12	1	0	0	0	0	0	0	0	0	2.67011e-12	1	0	0	0	0	0	0	0	0	0	0	0	0	0	0	0	0	0	0	0	0	2.09557e-12	2	0	0	0	0	0	0	0	0	0	0	0	0	0	0	0	0	0	0	0	0	0	0	0	0	0	0
83	0	0	1.50663e-10	1.803e-15	1190	5.41583e-11	126	3.26017e-12	3	6.19196e-14	357	0	0	6.54356e-11	7	4.44221e-15	1	0	0	0	0	1.68011e-11	1	0	0	0	0	0	0	0	0	0	0	0	0	0	0	0	0	9.93117e-12	2	0	0	0	0	0	0	5.19793e-14	1	0	0	0	0	9.56859e-13	2	0	0	0	0	0	0	0	0	0	0	0	0	0	0	0	0	0	0	0	0	0	0	0	0	0	0
84	0	0	1.23574e-10	1.32761e-15	1185	5.56688e-11	113	2.99508e-12	3	3.3553e-14	355	0	0	5.88845e-11	7	1.87717e-15	1	0	0	0	0	0	0	0	0	0	0	0	0	0	0	0	0	0	0	0	0	0	0	4.62437e-12	1	0	0	0	0	0	0	0	0	0	0	0	0	1.36404e-12	1	0	0	0	0	0	0	0	0	0	0	0	0	0	0	0	0	0	0	0	0	0	0	0	0	0	0
85	0	0	2.43337e-10	1.23954e-15	1168	4.59444e-11	106	1.95489e-12	3	6.75548e-14	350	0	0	1.2265e-10	13	0	0	0	0	0	0	6.9391e-11	3	0	0	0	0	0	0	0	0	0	0	0	0	0	0	0	0	2.01191e-17	1	0	0	0	0	0	0	0	0	0	0	0	0	3.3278e-12	4	0	0	0	0	0	0	0	0	0	0	0	0	0	0	0	0	0	0	0	0	0	0	0	0	0	0
86	0	0	1.02845e-10	1.84644e-15	1160	4.22813e-11	108	2.81915e-12	3	1.03346e-13	345	0	0	5.406e-11	10	1.93726e-16	1	0	0	0	0	0	0	0	0	0	0	0	0	0	0	0	0	0	0	0	0	0	0	0	0	0	0	0	0	0	0	0	0	0	0	0	0	3.5794e-12	4	0	0	0	0	0	0	0	0	0	0	0	0	0	0	0	0	0	0	0	0	0	0	0	0	0	0
87	0	0	1.07476e-10	8.15862e-16	1137	4.56489e-11	94	3.29273e-12	3	2.28133e-14	339	0	0	5.46734e-11	4	0	0	0	0	0	0	0	0	0	0	0	0	0	0	0	0	0	0	0	0	0	0	0	0	1.8297e-13	1	0	0	0	0	0	0	0	0	0	0	0	0	3.65411e-12	1	0	0	0	0	0	0	0	0	0	0	0	0	0	0	0	0	0	0	0	0	0	0	0	0	0	0
88	0	0	1.09973e-10	1.20297e-15	1123	4.19833e-11	99	2.80277e-12	3	7.25546e-14	335	0	0	3.439e-11	7	0	0	0	0	0	0	2.96357e-11	4	0	0	0	0	0	0	0	0	0	0	0	0	0	0	0	0	1.0878e-12	1	0	0	0	0	0	0	0	0	0	0	0	0	0	0	0	0	0	0	0	0	0	0	0	0	0	0	0	0	0	0	0	0	0	0	0	0	0	0	0	0
89	0	0	7.77113e-11	1.11405e-15	1112	4.67205e-11	94	1.28929e-12	2	6.31579e-14	332	0	0	2.93332e-11	2	0	0	0	0	0	0	0	0	0	0	0	0	0	0	0	0	0	0	0	0	0	0	0	0	0	0	0	0	0	0	0	0	0	0	0	0	0	0	3.04032e-13	1	0	0	0	0	0	0	0	0	0	0	0	0	0	0	0	0	0	0	0	0	0	0	0	0	0	0
90	0	0	6.4609e-11	6.8972e-16	1098	3.70078e-11	87	5.83588e-13	1	1.18462e-14	328	0	0	2.70051e-11	7	0	0	0	0	0	0	0	0	0	0	0	0	0	0	0	0	0	0	0	0	0	0	0	0	0	0	0	0	0	0	0	0	0	0	0	0	0	0	0	0	0	0	0	0	0	0	0	0	0	0	0	0	0	0	0	0	0	0	0	0	0	0	0	0	0	0
91	0	0	1.00103e-10	7.48042e-16	1087	3.38073e-11	86	1.36337e-12	1	8.51241e-14	325	0	0	5.70605e-11	9	0	0	0	0	0	0	0	0	0	0	0	0	0	0	0	0	0	0	0	0	0	0	0	0	3.71071e-12	2	0	0	0	0	0	0	2.07262e-12	1	0	0	0	0	2.00267e-12	4	0	0	0	0	0	0	0	0	0	0	0	0	0	0	0	0	0	0	0	0	0	0	0	0	0	0
92	0	0	1.55137e-10	7.58148e-16	1075	3.293e-11	86	1.16608e-12	2	7.47248e-14	319	0	0	3.93695e-11	9	0	0	0	0	0	0	7.47077e-11	4	0	0	0	0	0	0	0	0	0	0	0	0	0	0	0	0	4.11791e-12	1	0	0	0	0	0	0	0	0	0	0	0	0	2.77078e-12	2	0	0	0	0	0	0	0	0	0	0	0	0	0	0	0	0	0	0	0	0	0	0	0	0	0	0
93	0	0	1.45361e-10	1.18601e-15	1069	4.7201e-11	94	7.50609e-13	1	3.0223e-14	315	0	0	6.76561e-11	11	0	0	0	0	0	0	1.91453e-11	1	0	0	0	0	0	0	0	0	0	0	0	0	0	0	0	0	5.491e-12	3	0	0	1.70944e-13	1	0	0	0	0	0	0	0	0	4.91456e-12	3	0	0	0	0	0	0	0	0	0	0	0	0	0	0	0	0	0	0	0	0	0	0	0	0	0	0
94	0	0	1.04297e-10	8.96547e-16	1063	4.56648e-11	91	2.48387e-12	2	2.51213e-14	308	0	0	4.5798e-11	7	4.42736e-15	1	0	0	0	0	0	0	0	0	0	0	0	0	0	0	0	0	0	0	0	0	0	0	3.26234e-13	1	0	0	0	0	0	0	0	0	0	0	0	0	9.99398e-12	4	0	0	0	0	0	0	0	0	0	0	0	0	0	0	0	0	0	0	0	0	0	0	0	0	0	0
95	0	0	1.5519e-10	1.33139e-15	1047	4.0083e-11	92	2.35228e-12	5	4.37903e-14	303	0	0	1.05659e-10	10	0	0	0	0	0	0	0	0	0	0	0	0	0	0	0	0	0	0	0	0	0	0	0	0	4.33395e-16	1	0	0	0	0	0	0	0	0	0	0	4.30877e-12	1	2.74168e-12	5	0	0	0	0	0	0	0	0	0	0	0	0	0	0	0	0	0	0	0	0	0	0	0	0	0	0
96	0	0	5.56401e-11	2.05276e-15	1037	2.89795e-11	89	4.40053e-12	4	1.28295e-14	300	0	0	1.66392e-11	9	4.69126e-15	1	0	0	0	0	0	0	0	0	0	0	0	0	0	0	0	0	0	0	0	0	0	0	0	0	0	0	0	0	0	0	1.80937e-12	1	0	0	0	0	3.79191e-12	2	0	0	0	0	0	0	0	0	0	0	0	0	0	0	0	0	0	0	0	0	0	0	0	0	0	0
97	0	0	2.60731e-10	1.61208e-15	1024	2.67119e-11	84	1.4669e-12	3	2.62979e-14	295	0	0	1.46978e-10	9	6.45346e-11	3	0	0	0	0	0	0	0	0	0	0	0	0	0	0	0	0	0	0	0	0	1.92825e-11	2	0	0	0	0	0	0	0	0	0	0	0	0	0	0	1.72961e-12	3	0	0	0	0	0	0	0	0	0	0	0	0	0	0	0	0	0	0	0	0	0	0	0	0	0	0
98	0	0	1.29582e-10	2.66565e-15	1016	3.45137e-11	101	1.50729e-12	3	6.20987e-15	289	0	0	2.13147e-11	6	7.11556e-11	3	0	0	0	0	0	0	0	0	0	0	0	0	0	0	0	0	0	0	0	0	0	0	0	0	0	0	0	0	0	0	0	0	0	0	0	0	1.08218e-12	2	0	0	0	0	0	0	0	0	0	0	0	0	0	0	0	0	0	0	0	0	0	0	0	0	0	0
99	0	0	9.25378e-11	1.22237e-15	1006	3.94252e-11	85	1.32556e-12	3	3.56299e-16	284	0	0	4.77252e-11	6	3.93566e-12	2	0	0	0	0	0	0	0	0	0	0	0	0	0	0	0	0	0	0	0	0	0	0	0	0	0	0	0	0	0	0	0	0	0	0	0	0	1.24638e-13	1	0	0	0	0	0	0	0	0	0	0	0	0	0	0	0	0	0	0	0	0	0	0	0	0	0	0
100	0	0	8.01975e-11	9.15663e-16	985	2.8735e-11	72	1.29949e-12	3	8.31042e-15	279	0	0	4.84633e-11	6	0	0	0	0	0	0	0	0	0	0	0	0	0	0	0	0	0	0	0	0	0	0	0	0	0	0	0	0	0	0	0	0	0	0	0	0	0	0	1.69045e-12	2	0	0	0	0	0	0	0	0	0	0	0	0	0	0	0	0	0	0	0	0	0	0	0	0	0	0
101	0	0	4.83118e-11	8.12412e-16	979	3.14246e-11	74	1.82511e-12	4	6.50384e-15	276	0	0	1.32367e-11	2	0	0	0	0	0	0	0	0	0	0	0	0	0	0	0	0	0	0	0	0	0	0	0	0	0	0	0	0	0	0	0	0	0	0	0	0	0	0	1.81815e-12	2	0	0	0	0	0	0	0	0	0	0	0	0	0	0	0	0	0	0	0	0	0	0	0	0	0	0
102	0	0	6.9029e-11	2.57802e-15	1001	2.5402e-11	93	2.32767e-12	4	7.23037e-14	275	0	0	3.62379e-11	8	3.07966e-15	2	0	0	0	0	0	0	0	0	0	0	0	0	0	0	0	0	0	0	0	0	0	0	5.70247e-14	1	0	0	0	0	0	0	0	0	0	0	0	0	4.92647e-12	2	0	0	0	0	0	0	0	0	0	0	0	0	0	0	0	0	0	0	0	0	0	0	0	0	0	0
103	0	0	1.04933e-10	9.94359e-16	958	2.29656e-11	69	2.85588e-12	4	3.2657e-14	272	0	0	7.90776e-11	8	0	0	0	0	0	0	0	0	0	0	0	0	0	0	0	0	0	0	0	0	0	0	0	0	0	0	0	0	0	0	0	0	0	0	0	0	0	0	0	0	0	0	0	0	0	0	0	0	0	0	0	0	0	0	0	0	0	0	0	0	0	0	0	0	0	0
104	0	0	4.59043e-11	1.27294e-15	948	2.69558e-11	73	5.79017e-12	4	5.03172e-14	267	0	0	1.12722e-11	4	0	0	0	0	0	0	0	0	0	0	0	0	0	0	0	0	0	0	0	0	0	0	0	0	1.57116e-12	2	0	0	0	0	0	0	0	0	0	0	0	0	2.63424e-13	1	0	0	0	0	0	0	0	0	0	0	0	0	0	0	0	0	0	0	0	0	0	0	0	0	0	0
105	0	0	3.18569e-11	1.68619e-15	937	2.2425e-11	77	2.94365e-12	3	1.314e-13	264	0	0	6.25051e-12	5	2.16402e-15	1	0	0	0	0	0	0	0	0	0	0	0	0	0	0	0	0	0	0	0	0	0	0	0	0	0	0	0	0	0	0	1.02567e-13	1	0	0	0	0	0	0	0	0	0	0	0	0	0	0	0	0	0	0	0	0	0	0	0	0	0	0	0	0	0	0	0	0
106	0	0	9.52918e-11	1.767e-15	924	2.44165e-11	79	1.26162e-12	3	2.56045e-14	262	0	0	6.32281e-11	8	0	0	0	0	0	0	0	0	0	0	0	0	0	0	0	0	0	0	0	0	0	0	0	0	3.65036e-12	1	0	0	0	0	0	0	0	0	0	0	0	0	2.70787e-12	1	0	0	0	0	0	0	0	0	0	0	0	0	0	0	0	0	0	0	0	0	0	0	0	0	0	0
107	0	0	7.45697e-11	6.93048e-16	912	3.19009e-11	74	2.98389e-12	3	4.45421e-14	261	0	0	3.47716e-11	11	0	0	0	0	0	0	0	0	0	0	0	0	0	0	0	0	0	0	0	0	0	0	0	0	4.86802e-12	1	0	0	0	0	0	0	0	0	0	0	0	0	0	0	0	0	0	0	0	0	0	0	0	0	0	0	0	0	0	0	0	0	0	0	0	0	0	0	0	0
108	0	0	1.39331e-10	8.26698e-16	902	3.04838e-11	68	3.9846e-12	4	3.10564e-15	259	0	0	6.30892e-11	8	0	0	0	0	0	0	0	0	0	0	0	0	0	0	0	0	0	0	0	0	0	0	0	0	0	0	0	0	0	0	0	0	0	0	4.11381e-11	1	0	0	6.31196e-13	3	0	0	0	0	0	0	0	0	0	0	0	0	0	0	0	0	0	0	0	0	0	0	0	0	0	0
109	0	0	3.20059e-11	5.28512e-16	890	2.81414e-11	65	3.64784e-12	4	4.55278e-15	255	0	0	2.1116e-13	2	0	0	0	0	0	0	0	0	0	0	0	0	0	0	0	0	0	0	0	0	0	0	0	0	0	0	0	0	0	0	0	0	0	0	0	0	0	0	4.34079e-16	1	0	0	0	0	0	0	0	0	0	0	0	0	0	0	0	0	0	0	0	0	0	0	0	0	0	0
110	0	0	6.34917e-11	1.2244e-15	887	2.66251e-11	71	1.69665e-12	3	4.00653e-14	254	0	0	3.09065e-12	5	1.06978e-11	1	0	0	0	0	0	0	0	0	0	0	0	0	0	0	0	0	0	0	0	0	0	0	0	0	0	0	0	0	0	0	0	0	2.13402e-11	1	0	0	0	0	0	0	0	0	0	0	0	0	0	0	0	0	0	0	0	0	0	0	0	0	0	0	0	0	0	0
111	0	0	1.45675e-10	1.11876e-15	878	3.15036e-11	73	4.56216e-12	3	1.34476e-15	252	0	0	4.4826e-11	7	6.39436e-11	1	0	0	0	0	0	0	0	0	0	0	0	0	0	0	0	0	0	0	0	0	0	0	6.71912e-13	1	0	0	0	0	0	0	0	0	0	0	0	0	1.64994e-13	1	0	0	0	0	0	0	0	0	0	0	0	0	0	0	0	0	0	0	0	0	0	0	0	0	0	0
112	0	0	1.38346e-10	6.40043e-16	869	3.36859e-11	65	3.91391e-12	2	1.75131e-14	250	0	0	1.01624e-11	6	0	0	0	0	0	0	8.65188e-11	3	0	0	0	0	0	0	0	0	0	0	0	0	0	0	0	0	0	0	0	0	0	0	0	0	0	0	0	0	0	0	4.04704e-12	2	0	0	0	0	0	0	0	0	0	0	0	0	0	0	0	0	0	0	0	0	0	0	0	0	0	0
113	0	0	5.1039e-11	1.37454e-15	870	3.65826e-11	79	3.00743e-12	3	6.76145e-14	247	0	0	6.89346e-12	5	5.98664e-16	1	0	0	0	0	0	0	0	0	0	0	0	0	0	0	0	0	0	0	0	0	0	0	0	0	0	0	0	0	0	0	0	0	0	0	0	0	4.48597e-12	4	0	0	0	0	0	0	0	0	0	0	0	0	0	0	0	0	0	0	0	0	0	0	0	0	0	0
114	0	0	8.12521e-11	4.06835e-16	849	3.59749e-11	59	0	1	5.36697e-14	244	0	0	4.49058e-11	9	0	0	0	0	0	0	0	0	0	0	0	0	0	0	0	0	0	0	0	0	0	0	0	0	3.17306e-13	1	0	0	0	0	0	0	0	0	0	0	0	0	0	0	0	0	0	0	0	0	0	0	0	0	0	0	0	0	0	0	0	0	0	0	0	0	0	0	0	0
115	0	0	7.52856e-11	2.19964e-15	858	3.32896e-11	81	0	1	3.93596e-14	241	0	0	2.63821e-11	6	2.27415e-15	1	0	0	0	0	0	0	0	0	0	0	0	0	0	0	0	0	0	0	0	0	0	0	1.22782e-11	2	0	0	0	0	0	0	0	0	0	0	0	0	3.29187e-12	1	0	0	0	0	0	0	0	0	0	0	0	0	0	0	0	0	0	0	0	0	0	0	0	0	0	0
116	0	0	6.52928e-11	6.82536e-16	834	2.08063e-11	58	0	1	1.61802e-14	237	0	0	4.10866e-11	7	0	0	0	0	0	0	0	0	0	0	0	0	0	0	0	0	0	0	0	0	0	0	0	0	2.17928e-12	1	0	0	0	0	0	0	0	0	0	0	0	0	1.20373e-12	2	0	0	0	0	0	0	0	0	0	0	0	0	0	0	0	0	0	0	0	0	0	0	0	0	0	0
117	0	0	8.2884e-11	1.26483e-15	823	3.04497e-11	71	2.53975e-12	2	1.76356e-14	232	0	0	3.61433e-11	4	0	0	0	0	0	0	0	0	0	0	0	0	0	0	0	0	0	0	0	0	0	0	0	0	0	0	0	0	1.70728e-13	1	0	0	0	0	0	0	0	0	1.35616e-11	3	0	0	0	0	0	0	0	0	0	0	0	0	0	0	0	0	0	0	0	0	0	0	0	0	0	0
118	0	0	4.66878e-11	1.74634e-15	822	2.14427e-11	74	0	1	5.20883e-15	230	0	0	6.57781e-14	1	3.0659e-15	1	0	0	0	0	0	0	0	0	0	0	0	0	0	0	0	0	0	0	0	0	0	0	0	0	0	0	0	0	0	0	5.43908e-12	1	0	0	0	0	1.97302e-11	4	0	0	0	0	0	0	0	0	0	0	0	0	0	0	0	0	0	0	0	0	0	0	0	0	0	0
119	0	0	4.0343e-11	5.7478e-16	794	3.03705e-11	64	0	1	2.75214e-14	224	0	0	9.055e-12	3	0	0	0	0	0	0	0	0	0	0	0	0	0	0	0	0	0	0	0	0	0	0	0	0	0	0	0	0	0	0	0	0	0	0	0	0	0	0	8.89461e-13	1	0	0	0	0	0	0	0	0	0	0	0	0	0	0	0	0	0	0	0	0	0	0	0	0	0	0
120	0	0	4.05695e-11	1.06234e-15	791	3.42775e-11	74	0	1	3.73962e-14	221	0	0	6.24855e-12	3	4.95028e-15	1	0	0	0	0	0	0	0	0	0	0	0	0	0	0	0	0	0	0	0	0	0	0	0	0	0	0	0	0	0	0	0	0	0	0	0	0	0	0	0	0	0	0	0	0	0	0	0	0	0	0	0	0	0	0	0	0	0	0	0	0	0	0	0	0
121	0	0	6.43745e-11	9.52393e-16	777	3.36649e-11	71	0	1	5.57279e-14	221	0	0	2.81326e-11	5	0	0	0	0	0	0	0	0	0	0	0	0	0	0	0	0	0	0	0	0	0	0	0	0	2.52029e-12	1	0	0	0	0	0	0	0	0	0	0	0	0	0	0	0	0	0	0	0	0	0	0	0	0	0	0	0	0	0	0	0	0	0	0	0	0	0	0	0	0
122	0	0	7.80249e-11	9.51216e-16	777	2.38165e-11	63	0	1	9.34379e-14	220	0	0	3.99498e-11	7	4.00008e-15	1	0	0	0	0	0	0	0	0	0	0	0	0	0	0	0	0	0	0	0	0	0	0	6.47737e-12	2	0	0	0	0	0	0	5.15262e-12	1	0	0	0	0	2.53024e-12	2	0	0	0	0	0	0	0	0	0	0	0	0	0	0	0	0	0	0	0	0	0	0	0	0	0	0
123	0	0	3.68056e-11	3.98718e-16	762	2.60224e-11	57	7.56485e-13	3	1.84426e-14	215	0	0	5.31747e-12	2	0	0	0	0	0	0	0	0	0	0	0	0	0	0	0	0	0	0	0	0	0	0	0	0	4.3724e-12	2	0	0	0	0	0	0	0	0	0	0	0	0	3.17981e-13	2	0	0	0	0	0	0	0	0	0	0	0	0	0	0	0	0	0	0	0	0	0	0	0	0	0	0
124	0	0	4.87541e-11	5.69261e-16	750	4.34426e-11	63	2.57344e-12	4	6.85872e-14	211	0	0	2.09498e-12	2	0	0	0	0	0	0	0	0	0	0	0	0	0	0	0	0	0	0	0	0	0	0	0	0	1.62037e-17	1	0	0	0	0	0	0	0	0	0	0	0	0	5.73996e-13	1	0	0	0	0	0	0	0	0	0	0	0	0	0	0	0	0	0	0	0	0	0	0	0	0	0	0
125	0	0	1.20157e-10	1.22197e-15	742	2.67601e-11	66	2.74913e-12	4	3.73697e-14	210	0	0	8.92306e-11	7	0	0	0	0	0	0	0	0	0	0	0	0	0	0	0	0	0	0	0	0	0	0	0	0	1.0512e-12	1	0	0	0	0	0	0	0	0	0	0	0	0	3.27778e-13	2	0	0	0	0	0	0	0	0	0	0	0	0	0	0	0	0	0	0	0	0	0	0	0	0	0	0
126	0	0	9.1849e-11	3.80089e-16	733	2.87367e-11	57	2.90237e-12	4	2.24812e-16	208	0	0	3.82045e-11	9	0	0	0	0	0	0	0	0	0	0	0	0	0	0	0	0	0	0	2.20048e-11	1	0	0	0	0	0	0	0	0	0	0	0	0	0	0	0	0	0	0	0	0	0	0	0	0	0	0	0	0	0	0	0	0	0	0	0	0	0	0	0	0	0	0	0	0	0	0
127	0	0	8.20172e-11	6.3083e-16	725	2.91276e-11	60	3.3355e-12	4	7.69355e-14	205	0	0	4.87734e-11	9	0	0	0	0	0	0	0	0	0	0	0	0	0	0	0	0	0	0	0	0	0	0	0	0	6.00813e-13	1	0	0	0	0	0	0	0	0	0	0	0	0	1.02365e-13	1	0	0	0	0	0	0	0	0	0	0	0	0	0	0	0	0	0	0	0	0	0	0	0	0	0	0
128	0	0	6.05378e-11	8.42973e-16	718	2.74257e-11	58	2.71431e-12	4	4.64909e-14	204	0	0	3.00097e-11	5	0	0	0	0	0	0	0	0	0	0	0	0	0	0	0	0	0	0	0	0	0	0	0	0	0	0	0	0	0	0	0	0	0	0	0	0	0	0	3.40771e-13	1	0	0	0	0	0	0	0	0	0	0	0	0	0	0	0	0	0	0	0	0	0	0	0	0	0	0
129	0	0	9.57231e-11	1.00191e-15	710	2.7877e-11	61	1.30541e-12	3	4.6622e-14	200	0	0	6.33877e-11	7	0	0	0	0	0	0	0	0	0	0	0	0	0	0	0	0	0	0	0	0	0	0	0	0	1.60723e-13	2	0	0	0	0	0	0	0	0	0	0	0	0	2.94471e-12	2	0	0	0	0	0	0	0	0	0	0	0	0	0	0	0	0	0	0	0	0	0	0	0	0	0	0
130	0	0	1.07719e-10	8.58436e-16	705	2.73151e-11	61	1.50239e-12	3	1.68299e-14	196	0	0	1.45149e-12	4	5.1702e-11	1	0	0	0	0	9.809e-12	1	0	0	0	0	0	0	0	0	0	0	0	0	0	0	1.34855e-11	2	2.43618e-12	1	0	0	0	0	0	0	0	0	0	0	0	0	0	0	0	0	0	0	0	0	0	0	0	0	0	0	0	0	0	0	0	0	0	0	0	0	0	0	0	0
131	0	0	3.95193e-11	6.41341e-16	701	2.31456e-11	56	2.094e-12	4	1.38438e-14	194	0	0	9.89772e-12	2	5.26421e-15	1	0	0	0	0	0	0	0	0	0	0	0	0	0	0	0	0	0	0	0	0	0	0	0	0	0	0	0	0	0	0	2.11418e-16	1	0	0	0	0	4.36202e-12	3	0	0	0	0	0	0	0	0	0	0	0	0	0	0	0	0	0	0	0	0	0	0	0	0	0	0
132	0	0	5.09173e-11	1.17931e-15	682	2.63032e-11	59	3.94987e-12	4	6.6288e-14	192	0	0	1.26037e-11	7	0	0	0	0	0	0	0	0	0	0	0	0	0	0	0	0	0	0	0	0	0	0	0	0	9.76462e-14	1	6.46669e-12	1	0	0	0	0	0	0	0	0	0	0	1.42877e-12	1	0	0	0	0	0	0	0	0	0	0	0	0	0	0	0	0	0	0	0	0	0	0	0	0	0	0
133	0	0	6.57662e-11	2.867e-16	671	1.97986e-11	47	2.90184e-12	3	7.40886e-14	191	0	0	1.17931e-11	7	0	0	0	0	0	0	2.85389e-11	2	0	0	0	0	0	0	0	0	2.65933e-12	1	0	0	0	0	0	0	0	0	0	0	0	0	0	0	0	0	0	0	0	0	0	0	0	0	0	0	0	0	0	0	0	0	0	0	0	0	0	0	0	0	0	0	0	0	0	0	0	0
134	0	0	6.0933e-11	1.34495e-15	677	2.60586e-11	60	2.44668e-12	3	4.92578e-15	189	0	0	1.97019e-11	3	7.04364e-15	2	0	0	0	0	1.27125e-11	1	0	0	0	0	0	0	0	0	0	0	0	0	0	0	0	0	0	0	0	0	0	0	0	0	0	0	0	0	0	0	0	0	0	0	0	0	0	0	0	0	0	0	0	0	0	0	0	0	0	0	0	0	0	0	0	0	0	0
135	0	0	1.05306e-10	4.86587e-16	655	3.36287e-11	56	2.28077e-12	3	2.7621e-14	187	0	0	6.93688e-11	5	0	0	0	0	0	0	0	0	0	0	0	0	0	0	0	0	0	0	0	0	0	0	0	0	0	0	0	0	0	0	0	0	0	0	0	0	0	0	0	0	0	0	0	0	0	0	0	0	0	0	0	0	0	0	0	0	0	0	0	0	0	0	0	0	0	0
136	0	0	4.44606e-11	8.3794e-16	652	2.24953e-11	55	5.07365e-13	2	1.90878e-14	183	0	0	2.12865e-11	4	3.12182e-15	1	0	0	0	0	0	0	0	0	0	0	0	0	0	0	0	0	0	0	0	0	0	0	1.48355e-13	1	0	0	0	0	0	0	0	0	0	0	0	0	0	0	0	0	0	0	0	0	0	0	0	0	0	0	0	0	0	0	0	0	0	0	0	0	0	0	0	0
137	0	0	7.79308e-11	9.556e-16	643	2.6863e-11	54	1.08043e-12	3	3.94085e-14	180	0	0	4.48964e-11	2	0	0	0	0	0	0	0	0	0	0	0	0	0	0	0	0	0	0	0	0	0	0	4.14029e-12	1	2.96069e-13	1	0	0	0	0	0	0	0	0	0	0	0	0	6.14244e-13	1	0	0	0	0	0	0	0	0	0	0	0	0	0	0	3.66967e-18	1	0	0	0	0	0	0	0	0	0	0
138	0	0	4.81343e-11	5.40972e-16	635	2.28718e-11	49	1.49858e-12	3	5.95308e-14	177	0	0	2.37038e-11	5	0	0	0	0	0	0	0	0	0	0	0	0	0	0	0	0	0	0	0	0	0	0	0	0	0	0	0	0	0	0	0	0	0	0	0	0	0	0	0	0	0	0	0	0	0	0	0	0	0	0	0	0	0	0	0	0	0	0	0	0	0	0	0	0	0	0
139	0	0	3.33321e-11	5.10735e-16	626	2.81657e-11	55	1.69204e-12	4	5.34248e-15	174	0	0	3.46833e-12	2	0	0	0	0	0	0	0	0	0	0	0	0	0	0	0	0	0	0	0	0	0	0	0	0	0	0	0	0	0	0	0	0	1.62175e-16	1	0	0	0	0	0	0	0	0	0	0	0	0	0	0	0	0	0	0	0	0	0	0	0	0	0	0	0	0	0	0	0	0
140	0	0	3.15787e-11	5.60453e-16	621	1.84e-11	48	2.34989e-12	4	5.09941e-14	173	0	0	6.76595e-12	6	0	0	0	0	0	0	0	0	0	0	0	0	0	0	0	0	0	0	0	0	0	0	0	0	1.57547e-13	1	0	0	1.70702e-13	1	0	0	0	0	0	0	0	0	3.68298e-12	1	0	0	0	0	0	0	0	0	0	0	0	0	0	0	0	0	0	0	0	0	0	0	0	0	0	0
141	0	0	4.70057e-11	4.07687e-16	615	1.83454e-11	44	2.04828e-12	4	5.74107e-14	172	0	0	2.65542e-11	5	0	0	0	0	0	0	0	0	0	0	0	0	0	0	0	0	0	0	0	0	0	0	0	0	0	0	0	0	0	0	0	0	0	0	0	0	0	0	0	0	0	0	0	0	0	0	0	0	0	0	0	0	0	0	0	0	0	0	0	0	0	0	0	0	0	0
142	0	0	1.2422e-10	3.08535e-16	612	1.43959e-11	43	5.02314e-12	4	3.78954e-14	172	0	0	5.0823e-11	4	0	0	0	0	0	0	5.39392e-11	3	0	0	0	0	0	0	0	0	0	0	0	0	0	0	0	0	0	0	0	0	0	0	0	0	0	0	0	0	0	0	0	0	0	0	0	0	0	0	0	0	0	0	0	0	0	0	0	0	7.79774e-16	1	0	0	0	0	0	0	0	0
143	0	0	7.49803e-11	5.42311e-16	606	1.82209e-11	49	1.7021e-12	3	9.76607e-16	170	0	0	5.50558e-11	4	0	0	0	0	0	0	0	0	0	0	0	0	0	0	0	0	0	0	0	0	0	0	0	0	0	0	0	0	0	0	0	0	0	0	0	0	0	0	0	0	0	0	0	0	0	0	0	0	0	0	0	0	0	0	0	0	0	0	0	0	0	0	0	0	0	0
144	0	0	1.85581e-10	6.46212e-16	601	2.70713e-11	50	2.72459e-12	4	4.83103e-14	166	0	0	7.59152e-11	8	0	0	0	0	0	0	7.56414e-11	3	0	0	0	0	0	0	0	0	0	0	0	0	0	0	0	0	0	0	0	0	0	0	0	0	0	0	0	0	0	0	4.17922e-12	4	0	0	0	0	0	0	0	0	0	0	0	0	0	0	0	0	0	0	0	0	0	0	0	0	0	0
145	0	0	4.05121e-11	1.29441e-15	602	2.01432e-11	57	3.27587e-12	4	2.34059e-14	161	0	0	1.69599e-11	6	3.42279e-15	1	0	0	0	0	0	0	0	0	0	0	0	0	0	0	0	0	0	0	0	0	0	0	0	0	0	0	0	0	0	0	0	0	0	0	0	0	1.05042e-13	1	0	0	0	0	0	0	0	0	0	0	0	0	0	0	0	0	0	0	0	0	0	0	0	0	0	0
146	0	0	4.16369e-11	7.34568e-16	586	2.68358e-11	55	3.72423e-12	4	1.7746e-14	161	0	0	1.10584e-11	3	0	0	0	0	0	0	0	0	0	0	0	0	0	0	0	0	0	0	0	0	0	0	0	0	0	0	0	0	0	0	0	0	0	0	0	0	0	0	0	0	0	0	0	0	0	0	0	0	0	0	0	0	0	0	0	0	0	0	0	0	0	0	0	0	0	0
147	0	0	1.33164e-10	7.42441e-16	579	2.92313e-11	59	1.78812e-12	3	4.21049e-14	162	0	0	2.48737e-11	2	0	0	0	0	0	0	7.26871e-11	4	0	0	0	0	0	0	0	0	0	0	0	0	0	0	0	0	1.60375e-12	1	0	0	0	0	0	0	0	0	0	0	0	0	2.93764e-12	1	0	0	0	0	0	0	0	0	0	0	0	0	0	0	0	0	0	0	0	0	0	0	0	0	0	0
148	0	0	7.37146e-11	6.39799e-16	573	2.69429e-11	56	1.31882e-12	3	7.63134e-16	158	0	0	1.77102e-11	5	0	0	0	0	0	0	2.28427e-11	1	0	0	0	0	0	0	0	0	0	0	0	0	0	0	0	0	0	0	4.65184e-12	1	1.70513e-13	1	0	0	0	0	0	0	0	0	7.61281e-14	1	0	0	0	0	0	0	0	0	0	0	0	0	0	0	0	0	0	0	0	0	0	0	0	0	0	0
149	0	0	3.18056e-11	6.88421e-16	570	1.33208e-11	48	1.53607e-12	3	1.59221e-14	151	0	0	1.48999e-11	3	0	0	0	0	0	0	0	0	0	0	0	0	0	0	0	0	0	0	0	0	0	0	0	0	2.03228e-12	1	0	0	0	0	0	0	0	0	0	0	0	0	0	0	0	0	0	0	0	0	0	0	0	0	0	0	0	0	0	0	0	0	0	0	0	0	0	0	0	0
150	0	0	6.37575e-11	9.60064e-16	570	1.73335e-11	54	1.98791e-12	3	3.13802e-14	148	0	0	4.42164e-11	3	4.77442e-15	1	0	0	0	0	0	0	0	0	0	0	0	0	0	0	0	0	0	0	0	0	0	0	0	0	0	0	0	0	0	0	0	0	0	0	0	0	1.82555e-13	1	0	0	0	0	0	0	0	0	0	0	0	0	0	0	0	0	0	0	0	0	0	0	0	0	0	0
151	0	0	4.85478e-11	1.49353e-15	564	2.04253e-11	65	5.09437e-12	3	6.81756e-15	144	0	0	1.46425e-11	2	5.24213e-15	1	0	0	0	0	0	0	0	0	0	0	0	0	0	0	0	0	0	0	0	0	0	0	3.37572e-12	2	0	0	0	0	0	0	0	0	0	0	0	0	4.99639e-12	3	0	0	0	0	0	0	0	0	0	0	0	0	0	0	0	0	0	0	0	0	0	0	0	0	0	0
152	0	0	5.71648e-11	3.60161e-16	551	2.41311e-11	49	1.33565e-12	3	3.98667e-16	139	0	0	3.12491e-11	4	0	0	0	0	0	0	0	0	0	0	0	0	0	0	0	0	0	0	0	0	0	0	0	0	0	0	0	0	0	0	0	0	0	0	0	0	0	0	4.48156e-13	1	0	0	0	0	0	0	0	0	0	0	0	0	0	0	0	0	0	0	0	0	0	0	0	0	0	0
153	0	0	4.95756e-11	6.17325e-16	549	1.7112e-11	52	6.44382e-13	2	1.76964e-14	138	0	0	2.94907e-11	5	2.62128e-15	1	0	0	0	0	0	0	0	0	0	0	0	0	0	0	0	0	0	0	0	0	0	0	0	0	0	0	0	0	0	0	0	0	0	0	0	0	2.30753e-12	1	0	0	0	0	0	0	0	0	0	0	0	0	0	0	0	0	0	0	0	0	0	0	0	0	0	0
154	0	0	5.82005e-11	8.30838e-16	536	2.12069e-11	51	5.60405e-13	2	3.4678e-17	135	0	0	3.1557e-11	3	0	0	0	0	0	0	0	0	0	0	0	0	0	0	0	0	0	0	0	0	0	0	0	0	0	0	0	0	0	0	0	0	0	0	0	0	0	0	4.87529e-12	3	0	0	0	0	0	0	0	0	0	0	0	0	0	0	0	0	0	0	0	0	0	0	0	0	0	0
155	0	0	4.82484e-11	7.47149e-16	530	2.27359e-11	51	6.41646e-13	2	3.35101e-14	132	0	0	2.48366e-11	3	0	0	0	0	0	0	0	0	0	0	0	0	0	0	0	0	0	0	0	0	0	0	0	0	0	0	0	0	0	0	0	0	0	0	0	0	0	0	0	0	0	0	0	0	0	0	0	0	0	0	0	0	0	0	0	0	0	0	0	0	0	0	0	0	0	0
156	0	0	2.56057e-11	1.25594e-15	530	2.28899e-11	54	5.23392e-13	2	1.59896e-14	131	0	0	1.09372e-12	2	3.92365e-15	1	0	0	0	0	0	0	0	0	0	0	0	0	0	0	0	0	0	0	0	0	0	0	8.53601e-13	1	0	0	0	0	0	0	2.24006e-13	1	0	0	0	0	0	0	0	0	0	0	0	0	0	0	0	0	0	0	0	0	0	0	0	0	0	0	0	0	0	0	0	0
157	0	0	2.05928e-11	4.06997e-16	514	1.94605e-11	39	7.35975e-13	2	7.04121e-15	129	0	0	1.13493e-13	1	0	0	0	0	0	0	0	0	0	0	0	0	0	0	0	0	0	0	0	0	0	0	0	0	0	0	0	0	0	0	0	0	0	0	0	0	0	0	2.7537e-13	2	0	0	0	0	0	0	0	0	0	0	0	0	0	0	0	0	0	0	0	0	0	0	0	0	0	0
158	0	0	1.71385e-11	9.07789e-16	505	1.47238e-11	45	8.87268e-13	3	1.73706e-14	127	0	0	1.50907e-12	2	0	0	0	0	0	0	0	0	0	0	0	0	0	0	0	0	0	0	0	0	0	0	0	0	1.12488e-17	1	0	0	0	0	0	0	0	0	0	0	0	0	0	0	0	0	0	0	0	0	0	0	0	0	0	0	0	0	0	0	0	0	0	0	0	0	0	0	0	0
159	0	0	2.51617e-11	8.87577e-16	500	1.74821e-11	45	1.49119e-12	3	1.94681e-16	125	0	0	6.6277e-13	1	0	0	0	0	0	0	0	0	0	0	0	0	0	0	0	0	0	0	0	0	0	0	0	0	0	0	0	0	0	0	0	0	0	0	0	0	0	0	5.52454e-12	1	0	0	0	0	0	0	0	0	0	0	0	0	0	0	0	0	0	0	0	0	0	0	0	0	0	0
160	0	0	2.55961e-11	6.95037e-16	491	1.89691e-11	45	1.40896e-12	3	1.06741e-15	124	0	0	5.21626e-12	1	0	0	0	0	0	0	0	0	0	0	0	0	0	0	0	0	0	0	0	0	0	0	0	0	0	0	0	0	0	0	0	0	0	0	0	0	0	0	0	0	0	0	0	0	0	0	0	0	0	0	0	0	0	0	0	0	0	0	0	0	0	0	0	0	0	0
161	0	0	3.15956e-11	7.02505e-16	485	1.46998e-11	46	1.62957e-12	3	2.93182e-14	124	0	0	1.2389e-11	3	0	0	0	0	0	0	0	0	0	0	0	0	0	0	0	0	0	0	0	0	0	0	0	0	3.88397e-13	1	0	0	0	0	0	0	0	0	0	0	0	0	2.45875e-12	2	0	0	0	0	0	0	0	0	0	0	0	0	0	0	0	0	0	0	0	0	0	0	0	0	0	0
162	0	0	2.21301e-11	6.0039e-16	480	8.60267e-12	35	1.67709e-12	3	7.265e-16	124	0	0	9.76991e-12	4	0	0	0	0	0	0	0	0	0	0	0	0	0	0	0	0	0	0	0	0	0	0	0	0	0	0	0	0	0	0	0	0	0	0	0	0	0	0	2.07906e-12	2	0	0	0	0	0	0	0	0	0	0	0	0	0	0	0	0	0	0	0	0	0	0	0	0	0	0
163	0	0	1.5041e-11	5.74496e-16	474	1.03425e-11	36	3.0152e-12	4	3.99853e-15	120	0	0	0	0	0	0	0	0	0	0	0	0	0	0	0	0	0	0	0	0	0	0	0	0	0	0	0	0	0	0	0	0	0	0	0	0	0	0	0	0	0	0	1.67872e-12	2	0	0	0	0	0	0	0	0	0	0	0	0	0	0	0	0	0	0	0	0	0	0	0	0	0	0
164	0	0	1.42879e-11	2.50294e-16	464	8.71445e-12	33	2.41086e-12	4	3.99483e-15	118	0	0	1.18369e-12	2	0	0	0	0	0	0	0	0	0	0	0	0	0	0	0	0	0	0	0	0	0	0	0	0	0	0	0	0	0	0	0	0	0	0	0	0	0	0	1.97469e-12	1	0	0	0	0	0	0	0	0	0	0	0	0	0	0	0	0	0	0	0	0	0	0	0	0	0	0
165	0	0	1.53814e-11	3.52855e-16	461	6.77729e-12	31	3.60067e-12	4	2.73738e-14	117	0	0	4.97566e-12	2	0	0	0	0	0	0	0	0	0	0	0	0	0	0	0	0	0	0	0	0	0	0	0	0	0	0	0	0	0	0	0	0	0	0	0	0	0	0	0	0	0	0	0	0	0	0	0	0	0	0	0	0	0	0	0	0	0	0	0	0	0	0	0	0	0	0
166	0	0	1.66334e-11	1.31066e-15	469	6.61234e-12	45	3.92316e-12	4	3.14637e-17	116	0	0	6.02593e-12	2	2.22809e-15	1	0	0	0	0	0	0	0	0	0	0	0	0	0	0	0	0	0	0	0	0	0	0	0	0	0	0	0	0	0	0	0	0	0	0	0	0	6.84118e-14	1	0	0	0	0	0	0	0	0	0	0	0	0	0	0	0	0	0	0	0	0	0	0	0	0	0	0
167	0	0	1.85344e-11	7.04047e-16	454	1.00879e-11	38	3.15191e-12	4	2.93274e-15	116	0	0	0	0	0	0	0	0	0	0	0	0	0	0	0	0	0	0	0	0	0	0	0	0	0	0	0	0	6.58296e-14	1	0	0	0	0	0	0	0	0	0	0	0	0	5.2251e-12	2	0	0	0	0	0	0	0	0	0	0	0	0	0	0	0	0	0	0	0	0	0	0	0	0	0	0
168	0	0	3.84635e-11	2.86538e-16	446	1.29173e-11	33	7.55057e-13	2	3.14267e-16	115	0	0	2.47905e-11	1	0	0	0	0	0	0	0	0	0	0	0	0	0	0	0	0	0	0	0	0	0	0	0	0	0	0	0	0	0	0	0	0	0	0	0	0	0	0	0	0	0	0	0	0	0	0	0	0	0	0	0	0	0	0	0	0	0	0	0	0	0	0	0	0	0	0
169	0	0	1.28939e-11	9.41313e-16	442	1.16996e-11	41	6.6423e-13	2	6.74151e-14	114	0	0	0	0	0	0	0	0	0	0	0	0	0	0	0	0	0	0	0	0	0	0	0	0	0	0	0	0	0	0	0	0	0	0	0	0	0	0	0	0	0	0	4.61717e-13	1	0	0	0	0	0	0	0	0	0	0	0	0	0	0	0	0	0	0	0	0	0	0	0	0	0	0
170	0	0	8.46759e-12	1.12829e-16	437	7.58647e-12	29	7.45768e-13	2	3.99788e-16	113	0	0	0	0	0	0	0	0	0	0	0	0	0	0	0	0	0	0	0	0	0	0	0	0	0	0	0	0	0	0	0	0	0	0	0	0	0	0	0	0	0	0	1.34842e-13	1	0	0	0	0	0	0	0	0	0	0	0	0	0	0	0	0	0	0	0	0	0	0	0	0	0	0
171	0	0	1.62573e-11	4.62925e-16	432	1.04811e-11	33	8.05895e-13	2	4.01423e-19	112	0	0	1.50386e-12	1	0	0	0	0	0	0	0	0	0	0	0	0	0	0	0	0	0	0	0	0	0	0	0	0	0	0	0	0	0	0	0	0	0	0	0	0	0	0	3.46594e-12	2	0	0	0	0	0	0	0	0	0	0	0	0	0	0	0	0	0	0	0	0	0	0	0	0	0	0
172	0	0	2.38923e-11	2.22603e-15	452	1.28133e-11	65	1.27785e-12	3	1.5454e-14	111	0	0	8.53521e-12	2	8.62132e-15	2	0	0	0	0	0	0	0	0	0	0	0	0	0	0	0	0	0	0	0	0	0	0	1.18409e-12	1	0	0	0	0	0	0	0	0	0	0	0	0	5.55695e-14	1	0	0	0	0	0	0	0	0	0	0	0	0	0	0	0	0	0	0	0	0	0	0	0	0	0	0
173	0	0	2.54351e-11	7.84448e-16	432	1.48034e-11	37	4.20202e-12	3	1.91221e-16	109	0	0	6.42828e-12	2	0	0	0	0	0	0	0	0	0	0	0	0	0	0	0	0	0	0	0	0	0	0	0	0	4.29364e-16	1	0	0	0	0	0	0	0	0	0	0	0	0	0	0	0	0	0	0	0	0	0	0	0	0	0	0	0	0	0	0	0	0	0	0	0	0	0	0	0	0
174	0	0	6.92735e-11	4.4527e-16	414	1.40577e-11	37	2.1821e-12	3	2.29136e-19	108	0	0	4.75987e-11	2	0	0	0	0	0	0	0	0	0	0	0	0	0	0	0	0	0	0	0	0	0	0	0	0	0	0	0	0	0	0	0	0	0	0	0	0	0	0	5.43456e-12	2	0	0	0	0	0	0	0	0	0	0	0	0	0	0	0	0	0	0	0	0	0	0	0	0	0	0
175	0	0	1.36606e-11	2.36576e-16	409	1.0131e-11	33	2.69587e-12	3	5.80134e-16	106	0	0	6.64999e-13	2	0	0	0	0	0	0	0	0	0	0	0	0	0	0	0	0	0	0	0	0	0	0	0	0	1.67865e-13	1	0	0	0	0	0	0	0	0	0	0	0	0	0	0	0	0	0	0	0	0	0	0	0	0	0	0	0	0	0	0	0	0	0	0	0	0	0	0	0	0
176	0	0	1.81286e-11	5.48805e-16	405	1.46816e-11	39	2.937e-12	3	2.28359e-18	106	0	0	0	0	0	0	0	0	0	0	0	0	0	0	0	0	0	0	0	0	0	0	0	0	0	0	0	0	0	0	0	0	0	0	0	0	0	0	0	0	0	0	5.09459e-13	1	0	0	0	0	0	0	0	0	0	0	0	0	0	0	0	0	0	0	0	0	0	0	0	0	0	0
177	0	0	1.16817e-11	2.57722e-16	400	7.88808e-12	31	1.79641e-12	2	2.33233e-17	106	0	0	4.22911e-14	1	0	0	0	0	0	0	0	0	0	0	0	0	0	0	0	0	0	0	0	0	0	0	0	0	0	0	0	0	0	0	0	0	0	0	0	0	0	0	1.95467e-12	1	0	0	0	0	0	0	0	0	0	0	0	0	0	0	0	0	0	0	0	0	0	0	0	0	0	0
178	0	0	1.72917e-11	7.94108e-16	393	1.49548e-11	41	2.27601e-12	2	7.60687e-15	105	0	0	0	0	0	0	0	0	0	0	0	0	0	0	0	0	0	0	0	0	0	0	0	0	0	0	0	0	0	0	0	0	0	0	0	0	0	0	0	0	0	0	5.25267e-14	1	0	0	0	0	0	0	0	0	0	0	0	0	0	0	0	0	0	0	0	0	0	0	0	0	0	0
179	0	0	4.30533e-11	6.31925e-16	387	1.4831e-11	43	0	1	1.66465e-15	104	0	0	2.79208e-11	2	0	0	0	0	0	0	0	0	0	0	0	0	0	0	0	0	0	0	0	0	0	0	0	0	0	0	0	0	0	0	0	0	0	0	0	0	0	0	2.99194e-13	1	0	0	0	0	0	0	0	0	0	0	0	0	0	0	0	0	0	0	0	0	0	0	0	0	0	0
180	0	0	1.54926e-11	4.29239e-16	379	1.54336e-11	38	0	1	8.35199e-16	101	0	0	0	0	0	0	0	0	0	0	0	0	0	0	0	0	0	0	0	0	0	0	0	0	0	0	0	0	5.77374e-14	1	0	0	0	0	0	0	0	0	0	0	0	0	0	0	0	0	0	0	0	0	0	0	0	0	0	0	0	0	0	0	0	0	0	0	0	0	0	0	0	0
181	0	0	2.25796e-11	8.8705e-16	376	1.15422e-11	42	0	1	1.98258e-15	101	0	0	9.32009e-12	2	0	0	0	0	0	0	0	0	0	0	0	0	0	0	0	0	0	0	0	0	0	0	0	0	0	0	0	0	0	0	0	0	0	0	0	0	0	0	1.71452e-12	1	0	0	0	0	0	0	0	0	0	0	0	0	0	0	0	0	0	0	0	0	0	0	0	0	0	0
182	0	0	1.75759e-11	4.12355e-16	369	1.30767e-11	39	0	1	2.53342e-19	100	0	0	1.59633e-12	1	0	0	0	0	0	0	0	0	0	0	0	0	0	0	0	0	0	0	0	0	0	0	0	0	0	0	0	0	0	0	0	0	0	0	0	0	0	0	2.90244e-12	1	0	0	0	0	0	0	0	0	0	0	0	0	0	0	0	0	0	0	0	0	0	0	0	0	0	0
183	0	0	2.74457e-11	1.12829e-16	363	1.06965e-11	32	0	1	1.54393e-16	99	0	0	1.6749e-11	5	0	0	0	0	0	0	0	0	0	0	0	0	0	0	0	0	0	0	0	0	0	0	0	0	0	0	0	0	0	0	0	0	0	0	0	0	0	0	0	0	0	0	0	0	0	0	0	0	0	0	0	0	0	0	0	0	0	0	0	0	0	0	0	0	0	0
184	0	0	2.24668e-11	3.02732e-16	361	1.64274e-11	35	0	1	1.74735e-14	97	0	0	6.02155e-12	2	0	0	0	0	0	0	0	0	0	0	0	0	0	0	0	0	0	0	0	0	0	0	0	0	0	0	0	0	0	0	0	0	0	0	0	0	0	0	0	0	0	0	0	0	0	0	0	0	0	0	0	0	0	0	0	0	0	0	0	0	0	0	0	0	0	0
185	0	0	2.23984e-11	3.9332e-16	360	1.03092e-11	37	0	1	8.1111e-17	93	0	0	1.09801e-11	1	0	0	0	0	0	0	0	0	0	0	0	0	0	0	0	0	0	0	0	0	0	0	0	0	0	0	0	0	0	0	0	0	0	0	0	0	0	0	1.10874e-12	1	0	0	0	0	0	0	0	0	0	0	0	0	0	0	0	0	0	0	0	0	0	0	0	0	0	0
186	0	0	2.70622e-11	3.79399e-16	354	1.52333e-11	39	0	1	6.37253e-14	93	0	0	1.17649e-11	2	0	0	0	0	0	0	0	0	0	0	0	0	0	0	0	0	0	0	0	0	0	0	0	0	0	0	0	0	0	0	0	0	0	0	0	0	0	0	0	0	0	0	0	0	0	0	0	0	0	0	0	0	0	0	0	0	0	0	0	0	0	0	0	0	0	0
187	0	0	4.05646e-11	7.92606e-16	351	1.89741e-11	46	0	1	1.37897e-18	92	0	0	1.61168e-11	4	0	0	0	0	0	0	0	0	0	0	0	0	0	0	0	0	0	0	0	0	0	0	0	0	0	0	0	0	0	0	0	0	0	0	0	0	0	0	5.47284e-12	1	0	0	0	0	0	0	0	0	0	0	0	0	0	0	0	0	0	0	0	0	0	0	0	0	0	0
188	0	0	4.97886e-11	5.75917e-17	345	2.52856e-11	35	5.6981e-13	1	3.81654e-14	91	0	0	2.04674e-11	4	0	0	0	0	0	0	0	0	0	0	0	0	0	0	0	0	0	0	0	0	0	0	0	0	3.42741e-12	1	0	0	0	0	0	0	0	0	0	0	0	0	1.17787e-16	1	0	0	0	0	0	0	0	0	0	0	0	0	0	0	0	0	0	0	0	0	0	0	0	0	0	0
189	0	0	1.42206e-10	9.56736e-16	349	1.36288e-11	46	6.50798e-13	1	1.43959e-15	90	0	0	3.01207e-11	2	2.88357e-15	1	0	0	0	0	9.77999e-11	3	0	0	0	0	0	0	0	0	0	0	0	0	0	0	0	0	0	0	0	0	0	0	0	0	0	0	0	0	0	0	0	0	0	0	0	0	0	0	0	0	0	0	0	0	0	0	0	0	0	0	0	0	0	0	0	0	0	0
190	0	0	1.7009e-11	4.30334e-16	335	1.63041e-11	37	7.04463e-13	1	0	89	0	0	0	0	0	0	0	0	0	0	0	0	0	0	0	0	0	0	0	0	0	0	0	0	0	0	0	0	0	0	0	0	0	0	0	0	0	0	0	0	0	0	0	0	0	0	0	0	0	0	0	0	0	0	0	0	0	0	0	0	0	0	0	0	0	0	0	0	0	0
191	0	0	2.54419e-11	4.10447e-16	332	1.4001e-11	33	8.79431e-13	1	4.47697e-14	88	0	0	1.05163e-11	2	0	0	0	0	0	0	0	0	0	0	0	0	0	0	0	0	0	0	0	0	0	0	0	0	0	0	0	0	0	0	0	0	0	0	0	0	0	0	0	0	0	0	0	0	0	0	0	0	0	0	0	0	0	0	0	0	0	0	0	0	0	0	0	0	0	0
192	0	0	1.02124e-11	2.31462e-16	329	9.20607e-12	28	9.00671e-13	1	2.26628e-19	87	0	0	0	0	0	0	0	0	0	0	0	0	0	0	0	0	0	0	0	0	0	0	0	0	0	0	0	0	0	0	0	0	0	0	0	0	0	0	0	0	0	0	1.05406e-13	1	0	0	0	0	0	0	0	0	0	0	0	0	0	0	0	0	0	0	0	0	0	0	0	0	0	0
193	0	0	1.05136e-11	1.01798e-15	336	8.56894e-12	36	9.07892e-13	1	1.98724e-15	85	0	0	0	0	4.94325e-15	1	0	0	0	0	0	0	0	0	0	0	0	0	0	0	0	0	0	0	0	0	0	0	0	0	0	0	0	0	0	0	0	0	0	0	0	0	1.02886e-12	1	0	0	0	0	0	0	0	0	0	0	0	0	0	0	0	0	0	0	0	0	0	0	0	0	0	0
194	0	0	3.52769e-11	1.12829e-16	326	8.47797e-12	27	8.70996e-13	1	2.55751e-16	83	0	0	2.45442e-11	3	0	0	0	0	0	0	0	0	0	0	0	0	0	0	0	0	0	0	0	0	0	0	0	0	0	0	0	0	0	0	0	0	0	0	0	0	0	0	1.38342e-12	1	0	0	0	0	0	0	0	0	0	0	0	0	0	0	0	0	0	0	0	0	0	0	0	0	0	0
195	0	0	2.61961e-11	2.48955e-16	323	9.2545e-12	27	7.31797e-13	1	1.24826e-15	81	0	0	1.34094e-11	2	0	0	0	0	0	0	0	0	0	0	0	0	0	0	0	0	0	0	0	0	0	0	0	0	2.79901e-12	1	0	0	0	0	0	0	0	0	0	0	0	0	0	0	0	0	0	0	0	0	0	0	0	0	0	0	0	0	0	0	0	0	0	0	0	0	0	0	0	0
196	0	0	2.43299e-11	4.25221e-16	318	6.84426e-12	27	8.68467e-13	1	0	81	0	0	1.61283e-11	1	0	0	0	0	0	0	0	0	0	0	0	0	0	0	0	0	0	0	0	0	0	0	0	0	0	0	0	0	0	0	0	0	0	0	0	0	0	0	4.885e-13	1	0	0	0	0	0	0	0	0	0	0	0	0	0	0	0	0	0	0	0	0	0	0	0	0	0	0
197	0	0	2.79208e-11	1.42538e-16	316	5.57704e-12	22	1.06773e-12	1	9.08767e-18	80	0	0	2.12758e-11	1	0	0	0	0	0	0	0	0	0	0	0	0	0	0	0	0	0	0	0	0	0	0	0	0	0	0	0	0	0	0	0	0	0	0	0	0	0	0	0	0	0	0	0	0	0	0	0	0	0	0	0	0	0	0	0	0	0	0	0	0	0	0	0	0	0	0
198	0	0	1.21625e-10	1.12829e-16	316	9.93891e-12	23	6.18624e-13	1	4.73728e-16	79	0	0	5.29799e-11	3	0	0	2.60184e-11	1	0	0	0	0	0	0	0	0	0	0	0	0	0	0	0	0	3.20688e-11	1	0	0	0	0	0	0	0	0	0	0	0	0	0	0	0	0	0	0	0	0	0	0	0	0	0	0	0	0	0	0	0	0	0	0	0	0	0	0	0	0	0	0	0	0
199	0	0	2.0353e-11	1.72775e-16	310	5.27372e-12	22	7.47895e-13	1	1.65893e-16	78	0	0	1.4331e-11	1	0	0	0	0	0	0	0	0	0	0	0	0	0	0	0	0	0	0	0	0	0	0	0	0	0	0	0	0	0	0	0	0	0	0	0	0	0	0	0	0	0	0	0	0	0	0	0	0	0	0	0	0	0	0	0	0	0	0	0	0	0	0	0	0	0	0