Dose(Gy)         ln(S)        Survival      DoseB(Gy)            RBE   depth(slice)
0.019204    -0.00305171       0.996953      0.0273352        1.42341              0
0.0195843    -0.00342693       0.996579      0.0306417        1.56461              1
0.0189838    -0.00295311       0.997051      0.0264644        1.39405              2
0.0194588    -0.00319161       0.996813      0.0285695         1.4682              3
0.0191198    -0.00287918       0.997125      0.0258109        1.34996              4
0.019806    -0.00312394       0.996881      0.0279726        1.41233              5
0.0201595    -0.00345317       0.996553      0.0308726        1.53142              6
0.02006    -0.00331197       0.996694      0.0296299        1.47706              7
0.020119     -0.0033752        0.99663      0.0301866         1.5004              8
0.0208808    -0.00391286       0.996095      0.0349069        1.67172              9
0.0204551    -0.00354579        0.99646      0.0316868        1.54909             10
0.0205552    -0.00374816       0.996259      0.0334634        1.62798             11
0.0197501    -0.00312518        0.99688      0.0279836        1.41688             12
0.0201324    -0.00331072       0.996695      0.0296189        1.47121             13
0.0197576     -0.0031057       0.996899      0.0278117        1.40764             14
0.0204554     -0.0034163        0.99659      0.0305482        1.49341             15
0.0202697    -0.00327072       0.996735      0.0292666        1.44386             16
0.0199536    -0.00318175       0.996823      0.0284825        1.42744             17
0.0202969     -0.0032924       0.996713      0.0294576        1.45133             18
0.0217789    -0.00388128       0.996126      0.0346303        1.59008             19
0.0206839    -0.00338031       0.996625      0.0302316         1.4616             20
0.0209462    -0.00347567        0.99653      0.0310704        1.48334             21
0.020384    -0.00327183       0.996734      0.0292764        1.43624             22
0.0206104     -0.0033187       0.996687      0.0296892        1.44049             23
0.0215951    -0.00382109       0.996186      0.0341028        1.57919             24
0.021478     -0.0035633       0.996443      0.0318406        1.48248             25
0.0225162      -0.004247       0.995762      0.0378285        1.68006             26
0.023151    -0.00436491       0.995645      0.0388575        1.67844             27
0.0224563    -0.00405878       0.995949      0.0361838         1.6113             28
0.0234591    -0.00472481       0.995286      0.0419911        1.78997             29
0.0222635    -0.00387523       0.996132      0.0345773        1.55309             30
0.0220227     -0.0038455       0.996162      0.0343168        1.55825             31
0.0217655    -0.00368307       0.996324      0.0328924        1.51122             32
0.0221588    -0.00397007       0.996038      0.0354077        1.59791             33
0.0229575    -0.00410009       0.995908      0.0365451        1.59186             34
0.0223945    -0.00388865       0.996119      0.0346948        1.54926             35
0.023658    -0.00434622       0.995663      0.0386944        1.63558             36
0.02291    -0.00420102       0.995808       0.037427        1.63366             37
0.0231409    -0.00416055       0.995848      0.0370734        1.60207             38
0.0230021    -0.00404376       0.995964      0.0360525        1.56736             39
0.0231757    -0.00411616       0.995892      0.0366856        1.58293             40
0.0234612    -0.00414928       0.995859       0.036975          1.576             41
0.0245268    -0.00480033       0.995211      0.0426473         1.7388             42
0.0242429    -0.00454008        0.99547      0.0403839         1.6658             43
0.0247905    -0.00455915       0.995451      0.0405499        1.63571             44
0.0243939    -0.00453427       0.995476      0.0403333        1.65342             45
0.0242326    -0.00443913       0.995571      0.0395045        1.63022             46
0.0243816    -0.00451636       0.995494      0.0401773        1.64785             47
0.0245862    -0.00446725       0.995543      0.0397495        1.61674             48
0.0243866    -0.00442161       0.995588      0.0393518        1.61366             49
0.0251558    -0.00470703       0.995304      0.0418365        1.66309             50
0.0251493    -0.00469971       0.995311      0.0417728        1.66099             51
0.0250879    -0.00461766       0.995393      0.0410592        1.63661             52
0.0255162    -0.00469564       0.995315      0.0417375        1.63573             53
0.0259272    -0.00489141       0.995121      0.0434382        1.67539             54
0.0263837    -0.00498445       0.995028      0.0442453        1.67699             55
0.0264712    -0.00528509       0.994729      0.0468491        1.76981             56
0.0289588    -0.00628283       0.993737      0.0554401        1.91445             57
0.0272838    -0.00540013       0.994614      0.0478436        1.75355             58
0.0285675    -0.00594134       0.994076      0.0525083        1.83804             59
0.0277958    -0.00548183       0.994533      0.0485492        1.74664             60
0.0289492    -0.00604484       0.993973      0.0533978        1.84454             61
0.0290581    -0.00614514       0.993874      0.0542591        1.86726             62
0.0278713    -0.00550628       0.994509      0.0487602        1.74948             63
0.0285516    -0.00575311       0.994263      0.0508884        1.78233             64
0.0294288    -0.00607346       0.993945      0.0536436        1.82283             65
0.0299073    -0.00614141       0.993877       0.054227        1.81317             66
0.0303355    -0.00639818       0.993622      0.0564284        1.86014             67
0.0302852    -0.00634147       0.993679      0.0559427         1.8472             68
0.0309656    -0.00650276       0.993518      0.0573236        1.85121             69
0.0307292    -0.00645586       0.993565      0.0569223        1.85239             70
0.0322635    -0.00713968       0.992886      0.0627579        1.94517             71
0.0324086    -0.00718096       0.992845      0.0631091         1.9473             72
0.0336373    -0.00771725       0.992312      0.0676598        2.01145             73
0.033606    -0.00760815       0.992421      0.0667358        1.98583             74
0.0348144    -0.00818275       0.991851      0.0715929        2.05641             75
0.0363562    -0.00891206       0.991128      0.0777237        2.13784             76
0.0388313     -0.0104592       0.989595      0.0906055        2.33331             77
0.0379226    -0.00976899       0.990279      0.0848793        2.23823             78
0.0374568    -0.00994726       0.990102      0.0863615        2.30563             79
0.0372649    -0.00969195       0.990355       0.084238        2.26052             80
0.0366591    -0.00934275       0.990701      0.0813265        2.21845             81
0.0372541    -0.00995056       0.990099      0.0863889        2.31891             82
0.0355724    -0.00895576       0.991084      0.0780898        2.19523             83
0.035954    -0.00939844       0.990646      0.0817914        2.27489             84
0.0357352    -0.00916088       0.990881      0.0798067        2.23328             85
0.034621    -0.00880858        0.99123      0.0768561        2.21992             86
0.035497    -0.00920701       0.990835      0.0801924        2.25913             87
0.0365966    -0.00979335       0.990254       0.085082        2.32486             88
0.0363969    -0.00968787       0.990359      0.0842041         2.3135             89
0.0368816     -0.0101219       0.989929      0.0878116         2.3809             90
0.0367677     -0.0101083       0.989943      0.0876987        2.38521             91
0.0345259    -0.00918858       0.990854      0.0800383        2.31821             92
0.0348852    -0.00936997       0.990674      0.0815537        2.33778             93
0.035173    -0.00932291        0.99072      0.0811608        2.30748             94
0.035894    -0.00978938       0.990258      0.0850489        2.36945             95
0.0358627     -0.0099384       0.990111      0.0862879        2.40606             96
0.0361524     -0.0102506       0.989802      0.0888788        2.45845             97
0.0354961     -0.0098363       0.990212      0.0854391          2.407             98
0.036211     -0.0103843       0.989669      0.0899861        2.48505             99
0.0358258     -0.0100931       0.989958      0.0875727         2.4444            100
0.0356633      -0.010189       0.989863      0.0883676        2.47783            101
0.036804     -0.0107258       0.989332      0.0928086         2.5217            102
0.0364932      -0.010732       0.989325      0.0928598        2.54458            103
0.037093     -0.0111397       0.988922      0.0962196        2.59401            104
0.0387648     -0.0120202       0.988052       0.103439        2.66836            105
0.0375664      -0.011708        0.98836       0.100885        2.68551            106
0.0367814     -0.0117111       0.988357        0.10091        2.74351            107
0.0354076     -0.0111056       0.988956      0.0959395        2.70957            108
0.0334532     -0.0102206       0.989831      0.0886302        2.64938            109
0.0346461     -0.0109291        0.98913      0.0944859        2.72717            110
0.0334515     -0.0103415       0.989712      0.0896315        2.67945            111
0.0345853     -0.0112442       0.988819      0.0970798        2.80697            112
0.0356229     -0.0117636       0.988305        0.10134         2.8448            113
0.0357468     -0.0121564       0.987917       0.104551        2.92476            114
0.0346543     -0.0119248       0.988146       0.102659        2.96237            115
0.033823     -0.0117724       0.988297       0.101412        2.99831            116
0.0348545     -0.0126666       0.987413       0.108705        3.11882            117
0.0320195     -0.0112627         0.9888      0.0972317        3.03664            118
0.0317808     -0.0115534       0.988513      0.0996178        3.13453            119
0.0321644     -0.0122742       0.987801       0.105511        3.28037            120
0.0326322     -0.0131274       0.986958       0.112444        3.44579            121
0.0329562     -0.0137119       0.986382       0.117166        3.55521            122
0.0292581     -0.0124413       0.987636       0.106873        3.65276            123
0.0283431     -0.0128767       0.987206       0.110412        3.89554            124
0.0216869     -0.0100732       0.989977      0.0874068        4.03039            125
0.0131782    -0.00642911       0.993592      0.0566933        4.30206            126
0.00467115    -0.00218416       0.997818      0.0196455         4.2057            127
0.00163393   -0.000753644       0.999247      0.0068259        4.17759            128
0.000490544    -0.00023987        0.99976     0.00217805        4.44007            129
0             -0              1              0              0            130
1.89422e-05             -0              1              0              0            131
0             -0              1              0              0            132
0             -0              1              0              0            133
0             -0              1              0              0            134
0             -0              1              0              0            135
0             -0              1              0              0            136
0             -0              1              0              0            137
0             -0              1              0              0            138
6.20564e-08             -0              1              0              0            139
7.76903e-05             -0              1              0              0            140
1.214e-07             -0              1              0              0            141
2.31777e-08             -0              1              0              0            142
0             -0              1              0              0            143
0             -0              1              0              0            144
0             -0              1              0              0            145
0             -0              1              0              0            146
0             -0              1              0              0            147
0             -0              1              0              0            148
2.56835e-08             -0              1              0              0            149
0             -0              1              0              0            150
3.22796e-07             -0              1              0              0            151
1.56891e-12             -0              1              0              0            152
0             -0              1              0              0            153
2.58516e-13             -0              1              0              0            154
3.55863e-07             -0              1              0              0            155
0             -0              1              0              0            156
0             -0              1              0              0            157
0             -0              1              0              0            158
1.2508e-06             -0              1              0              0            159
4.24224e-08             -0              1              0              0            160
0             -0              1              0              0            161
0             -0              1              0              0            162
0             -0              1              0              0            163
9.51891e-06             -0              1              0              0            164
0             -0              1              0              0            165
0             -0              1              0              0            166
2.76834e-12             -0              1              0              0            167
6.28186e-05             -0              1              0              0            168
2.95298e-05             -0              1              0              0            169
0             -0              1              0              0            170
1.40568e-09             -0              1              0              0            171
1.35299e-12             -0              1              0              0            172
2.09374e-05             -0              1              0              0            173
5.89494e-13             -0              1              0              0            174
2.20157e-12             -0              1              0              0            175
7.61477e-06             -0              1              0              0            176
7.74937e-05             -0              1              0              0            177
9.44963e-05   -9.31169e-05       0.999907    0.000846127        8.95407            178
1.07882e-12             -0              1              0              0            179
0             -0              1              0              0            180
0             -0              1              0              0            181
0             -0              1              0              0            182
0             -0              1              0              0            183
5.5198e-07             -0              1              0              0            184
0             -0              1              0              0            185
0             -0              1              0              0            186
0             -0              1              0              0            187
0             -0              1              0              0            188
0             -0              1              0              0            189
9.41435e-07             -0              1              0              0            190
0             -0              1              0              0            191
0             -0              1              0              0            192
0             -0              1              0              0            193
0.000219829    -0.00019261       0.999807     0.00174933        7.95768            194
0             -0              1              0              0            195
1.56077e-05             -0              1              0              0            196
0             -0              1              0              0            197
0             -0              1              0              0            198
0             -0              1              0              0            199
